
> connectbest-chat@0.1.0 dev
> next dev -p 8080

   ▲ Next.js 15.0.3
   - Local:        http://localhost:8080
   - Environments: .env.local

 ✓ Starting...
 ✓ Ready in 1481ms
 ○ Compiling /_not-found ...
 ✓ Compiled /_not-found in 1190ms (759 modules)
 GET /socket.io?EIO=4&transport=polling&t=30yimu3h 404 in 1394ms
 GET /socket.io?EIO=4&transport=polling&t=313ww5o8 404 in 20ms
 GET /socket.io?EIO=4&transport=polling&t=318jklsg 404 in 12ms
 GET /socket.io?EIO=4&transport=polling&t=31d66rki 404 in 10ms
 GET /socket.io?EIO=4&transport=polling&t=31hsus4b 404 in 18ms
 GET /socket.io?EIO=4&transport=polling&t=31mfhjpq 404 in 34ms
 GET /socket.io?EIO=4&transport=polling&t=31r26iz5 404 in 22ms
 GET /socket.io?EIO=4&transport=polling&t=31votdt1 404 in 19ms
 ○ Compiling /middleware ...
 ✓ Compiled /middleware in 1022ms (91 modules)
 GET /socket.io?EIO=4&transport=polling&t=320giwii 404 in 58ms
 GET /socket.io?EIO=4&transport=polling&t=324zrb8q 404 in 22ms
 ○ Compiling /chat/dm/[userId] ...
 ✓ Compiled /chat/dm/[userId] in 649ms (1069 modules)
 GET /chat/dm/692ac4758503c4ae291e29f7 200 in 1312ms
 ✓ Compiled /api/auth/[...nextauth] in 167ms (1218 modules)
 GET /api/auth/session 200 in 572ms
 GET /api/auth/session 200 in 5ms
 GET /socket.io?EIO=4&transport=polling&t=329mj26l 404 in 63ms
 GET /socket.io?EIO=4&transport=polling&t=32e95axv 404 in 21ms
 GET /socket.io?EIO=4&transport=polling&t=32ivqaiy 404 in 74ms
 GET /socket.io?EIO=4&transport=polling&t=32nigkai 404 in 15ms
 GET /socket.io?EIO=4&transport=polling&t=32s51o00 404 in 22ms
 GET /socket.io?EIO=4&transport=polling&t=32wrp4an 404 in 25ms
 ✓ Compiled /chat/[channelId] in 275ms (1220 modules)
 GET /socket.io?EIO=4&transport=polling&t=331edzwz 404 in 30ms
 GET /chat/692ad06f6193c4dddaf6c2bb 200 in 851ms
 GET /api/auth/session 200 in 33ms
 GET /api/auth/session 200 in 7ms
 GET /socket.io?EIO=4&transport=polling&t=33611fcl 404 in 38ms
 GET /chat/692ad06f6193c4dddaf6c2bb 200 in 40ms
 GET /socket.io?EIO=4&transport=polling&t=33bfh8ky 404 in 88ms
 GET /api/auth/session 200 in 39ms
 GET /api/auth/session 200 in 11ms
 GET /api/auth/session 200 in 331ms
 GET /api/auth/session 200 in 25ms
 GET /socket.io?EIO=4&transport=polling&t=33gtyv5t 404 in 9ms
 GET /socket.io?EIO=4&transport=polling&t=33lguc37 404 in 9ms
 GET /chat/dm/692ac4758503c4ae291e29f7 200 in 22ms
 GET /socket.io?EIO=4&transport=polling&t=33q393r0 404 in 17ms
 GET /chat/dm/692ac4758503c4ae291e29f7 200 in 28ms
 GET /api/auth/session 200 in 24ms
 GET /api/auth/session 200 in 10ms
 GET /socket.io?EIO=4&transport=polling&t=33upwyrr 404 in 13ms
 GET /socket.io?EIO=4&transport=polling&t=33zckuo6 404 in 23ms
 GET /socket.io?EIO=4&transport=polling&t=343z66mx 404 in 15ms
 GET /chat/dm/692ac4758503c4ae291e29f7 200 in 20ms
 GET /api/auth/session 200 in 6ms
 GET /api/auth/session 200 in 6ms
 GET /socket.io?EIO=4&transport=polling&t=348mc3cl 404 in 12ms
 GET /socket.io?EIO=4&transport=polling&t=34d8kauk 404 in 20ms
 GET /socket.io?EIO=4&transport=polling&t=34hvsveq 404 in 37ms
 GET /socket.io?EIO=4&transport=polling&t=34mi6p67 404 in 49ms
 GET /socket.io?EIO=4&transport=polling&t=34r4kit4 404 in 25ms
 GET /socket.io?EIO=4&transport=polling&t=34vrb5go 404 in 21ms
 GET /socket.io?EIO=4&transport=polling&t=350duo23 404 in 16ms
 GET /socket.io?EIO=4&transport=polling&t=3550nn4u 404 in 19ms
 GET /socket.io?EIO=4&transport=polling&t=359n786q 404 in 34ms
 GET /socket.io?EIO=4&transport=polling&t=35eap54i 404 in 74ms
 GET /socket.io?EIO=4&transport=polling&t=35iwnnm2 404 in 42ms
 GET /socket.io?EIO=4&transport=polling&t=35nj6xv1 404 in 20ms
 GET /socket.io?EIO=4&transport=polling&t=35s5xh49 404 in 55ms
 GET /socket.io?EIO=4&transport=polling&t=35wslv9v 404 in 28ms
 GET /socket.io?EIO=4&transport=polling&t=361fp9es 404 in 52ms
 GET /socket.io?EIO=4&transport=polling&t=366265a9 404 in 36ms
 GET /socket.io?EIO=4&transport=polling&t=36aojapl 404 in 24ms
 GET /socket.io?EIO=4&transport=polling&t=36fb6e2k 404 in 11ms
 GET /socket.io?EIO=4&transport=polling&t=36jxyseh 404 in 23ms
 GET /socket.io?EIO=4&transport=polling&t=36okgwom 404 in 10ms
 GET /socket.io?EIO=4&transport=polling&t=36t75rsd 404 in 17ms
 GET /socket.io?EIO=4&transport=polling&t=36xtsdir 404 in 42ms
 GET /socket.io?EIO=4&transport=polling&t=372gl5ue 404 in 42ms
 GET /socket.io?EIO=4&transport=polling&t=37736oj1 404 in 24ms
 GET /socket.io?EIO=4&transport=polling&t=37bps53v 404 in 15ms
 GET /socket.io?EIO=4&transport=polling&t=37gck2hf 404 in 28ms
 GET /socket.io?EIO=4&transport=polling&t=37kz2442 404 in 11ms
 GET /socket.io?EIO=4&transport=polling&t=37pluk6r 404 in 31ms
 GET /socket.io?EIO=4&transport=polling&t=37u8f65l 404 in 20ms
 GET /socket.io?EIO=4&transport=polling&t=37yv8mhl 404 in 20ms
 GET /socket.io?EIO=4&transport=polling&t=383hrura 404 in 19ms
 GET /socket.io?EIO=4&transport=polling&t=38851dz2 404 in 16ms
 GET /socket.io?EIO=4&transport=polling&t=38crrpca 404 in 23ms
 GET /socket.io?EIO=4&transport=polling&t=38hdul7o 404 in 28ms
 GET /socket.io?EIO=4&transport=polling&t=38m0ik7c 404 in 38ms
 GET /socket.io?EIO=4&transport=polling&t=38qng32w 404 in 87ms
 GET /socket.io?EIO=4&transport=polling&t=38v9tr8q 404 in 36ms
 GET /socket.io?EIO=4&transport=polling&t=38zwfi62 404 in 24ms
 GET /socket.io?EIO=4&transport=polling&t=394j976n 404 in 46ms
 GET /socket.io?EIO=4&transport=polling&t=39960f21 404 in 54ms
 GET /socket.io?EIO=4&transport=polling&t=39dsrpp5 404 in 39ms
 GET /socket.io?EIO=4&transport=polling&t=39if9yz6 404 in 21ms
 GET /socket.io?EIO=4&transport=polling&t=39n2496k 404 in 134ms
 GET /socket.io?EIO=4&transport=polling&t=39rogos5 404 in 25ms
 GET /socket.io?EIO=4&transport=polling&t=39wb2a3a 404 in 15ms
 GET /socket.io?EIO=4&transport=polling&t=3a0xop7q 404 in 22ms
 GET /socket.io?EIO=4&transport=polling&t=3a5kdnlz 404 in 23ms
 GET /socket.io?EIO=4&transport=polling&t=3aa73uxo 404 in 32ms
 GET /socket.io?EIO=4&transport=polling&t=3aetpbrm 404 in 20ms
 GET /socket.io?EIO=4&transport=polling&t=3aji7q5s 404 in 86ms
 GET /socket.io?EIO=4&transport=polling&t=3ao3c6y1 404 in 25ms
 GET /socket.io?EIO=4&transport=polling&t=3aspnyoz 404 in 17ms
 GET /socket.io?EIO=4&transport=polling&t=3axchcud 404 in 243ms
 GET /socket.io?EIO=4&transport=polling&t=3b1zqesg 404 in 34ms
 GET /socket.io?EIO=4&transport=polling&t=3b6m18am 404 in 32ms
 GET /socket.io?EIO=4&transport=polling&t=3bb8j5yw 404 in 45ms
 GET /socket.io?EIO=4&transport=polling&t=3bfv0cqg 404 in 10ms
 GET /socket.io?EIO=4&transport=polling&t=3bkhnfzz 404 in 17ms
 GET /socket.io?EIO=4&transport=polling&t=3bp4e52g 404 in 25ms
 GET /socket.io?EIO=4&transport=polling&t=3btr5jng 404 in 35ms
 GET /socket.io?EIO=4&transport=polling&t=3byfzi15 404 in 24ms
 GET /socket.io?EIO=4&transport=polling&t=3c30cxgw 404 in 37ms
 GET /socket.io?EIO=4&transport=polling&t=3c7nlofi 404 in 39ms
 GET /socket.io?EIO=4&transport=polling&t=3cca4mnu 404 in 37ms
 GET /socket.io?EIO=4&transport=polling&t=3cgwe8br 404 in 16ms
 GET /chat/dm/692ac4758503c4ae291e29f7 200 in 61ms
 GET /api/auth/session 200 in 89ms
 GET /api/auth/session 200 in 18ms
 GET /socket.io?EIO=4&transport=polling&t=3clj6dgu 404 in 40ms
 GET /socket.io?EIO=4&transport=polling&t=3cq5qsso 404 in 79ms
 GET /chat/dm/692ac4758503c4ae291e29f7 200 in 33ms
 GET /api/auth/session 200 in 9ms
 GET /api/auth/session 200 in 9ms
 GET /socket.io?EIO=4&transport=polling&t=3cusa4mw 404 in 47ms
 GET /socket.io?EIO=4&transport=polling&t=3czf03ex 404 in 21ms
 GET /socket.io?EIO=4&transport=polling&t=3d41mzip 404 in 17ms
 GET /socket.io?EIO=4&transport=polling&t=3d8ocbw2 404 in 35ms
 GET /socket.io?EIO=4&transport=polling&t=3dday5aj 404 in 18ms
 GET /socket.io?EIO=4&transport=polling&t=3dhxvopk 404 in 32ms
 GET /socket.io?EIO=4&transport=polling&t=3dmlak2n 404 in 71ms
 GET /socket.io?EIO=4&transport=polling&t=3dr6z29m 404 in 43ms
 GET /chat/692ad06f6193c4dddaf6c2bb 200 in 116ms
 GET /api/auth/session 200 in 15ms
 GET /api/auth/session 200 in 15ms
 GET /api/auth/session 200 in 10ms
 GET /api/auth/session 200 in 10ms
 GET /socket.io?EIO=4&transport=polling&t=3dvu0ivg 404 in 30ms
 GET /socket.io?EIO=4&transport=polling&t=3e0g910x 404 in 56ms
 GET /chat/dm/692acac49bd89e9e278cebee 200 in 16ms
 GET /socket.io?EIO=4&transport=polling&t=3e53ja6t 404 in 24ms
 GET /socket.io?EIO=4&transport=polling&t=3e9plkkf 404 in 18ms
 GET /chat/dm/692acac49bd89e9e278cebee 200 in 87ms
 GET /api/auth/session 200 in 9ms
 GET /api/auth/session 200 in 6ms
 GET /api/auth/session 200 in 4ms
 GET /api/auth/session 200 in 4ms
 GET /socket.io?EIO=4&transport=polling&t=3eecde6d 404 in 31ms
 GET /socket.io?EIO=4&transport=polling&t=3eiyxjb1 404 in 21ms
 GET /socket.io?EIO=4&transport=polling&t=3enlk7c7 404 in 24ms
 GET /socket.io?EIO=4&transport=polling&t=3es9pu9n 404 in 134ms
 GET /socket.io?EIO=4&transport=polling&t=3ewv0l9p 404 in 30ms
 GET /socket.io?EIO=4&transport=polling&t=3f1hkl6i 404 in 49ms
 GET /socket.io?EIO=4&transport=polling&t=3f648b12 404 in 12ms
 GET /socket.io?EIO=4&transport=polling&t=3faqwdeo 404 in 18ms
 GET /socket.io?EIO=4&transport=polling&t=3ffdj1rc 404 in 11ms
 GET /socket.io?EIO=4&transport=polling&t=3fk0aj2t 404 in 50ms
 GET /socket.io?EIO=4&transport=polling&t=3fona8qz 404 in 28ms
 GET /socket.io?EIO=4&transport=polling&t=3fu1banb 404 in 17ms
 GET /socket.io?EIO=4&transport=polling&t=3fyo134h 404 in 19ms
 GET /socket.io?EIO=4&transport=polling&t=3g3fojk1 404 in 88ms
 GET /socket.io?EIO=4&transport=polling&t=3g7xep3e 404 in 51ms
 GET /socket.io?EIO=4&transport=polling&t=3gck40gi 404 in 47ms
 GET /socket.io?EIO=4&transport=polling&t=3gh6pykr 404 in 16ms
 GET /socket.io?EIO=4&transport=polling&t=3gltbxep 404 in 13ms
 GET /socket.io?EIO=4&transport=polling&t=3gqfykb6 404 in 39ms
 GET /socket.io?EIO=4&transport=polling&t=3gv2oq0y 404 in 20ms
 GET /socket.io?EIO=4&transport=polling&t=3gzpek6f 404 in 8ms
 GET /socket.io?EIO=4&transport=polling&t=3h4cxks8 404 in 37ms
 GET /socket.io?EIO=4&transport=polling&t=3h8yp3ps 404 in 15ms
 GET /socket.io?EIO=4&transport=polling&t=3hdpp190 404 in 129ms
 GET /socket.io?EIO=4&transport=polling&t=3hi828vq 404 in 49ms
 GET /socket.io?EIO=4&transport=polling&t=3hmuo0tb 404 in 48ms
 GET /socket.io?EIO=4&transport=polling&t=3hrhagj7 404 in 20ms
 GET /socket.io?EIO=4&transport=polling&t=3hw44q3d 404 in 54ms
 GET /socket.io?EIO=4&transport=polling&t=3i0qnzmj 404 in 38ms
 GET /socket.io?EIO=4&transport=polling&t=3i5dd4xw 404 in 54ms
 ✓ Compiled in 1096ms (1072 modules)
 GET /chat/dm/692ac4758503c4ae291e29f7 200 in 206ms
 GET /chat/dm/692ac4758503c4ae291e29f7 200 in 234ms
 GET /chat/dm/692acac49bd89e9e278cebee 200 in 237ms
 GET /socket.io?EIO=4&transport=polling&t=3ia18c9x 404 in 186ms
 GET /socket.io?EIO=4&transport=polling&t=3iendds4 404 in 20ms
 GET /socket.io?EIO=4&transport=polling&t=3ij98l2k 404 in 24ms
 GET /socket.io?EIO=4&transport=polling&t=3io274h0 404 in 541ms
 GET /socket.io?EIO=4&transport=polling&t=3isim2q7 404 in 41ms
 GET /socket.io?EIO=4&transport=polling&t=3ix5a5pz 404 in 25ms
 GET /socket.io?EIO=4&transport=polling&t=3j1rw56a 404 in 19ms
 GET /socket.io?EIO=4&transport=polling&t=3j6ekn3g 404 in 18ms
 GET /socket.io?EIO=4&transport=polling&t=3jb1yywq 404 in 18ms
 GET /socket.io?EIO=4&transport=polling&t=3jfojh2r 404 in 47ms
 GET /socket.io?EIO=4&transport=polling&t=3jkas0ep 404 in 41ms
 GET /socket.io?EIO=4&transport=polling&t=3joxb3z6 404 in 38ms
 GET /socket.io?EIO=4&transport=polling&t=3jtjv5zc 404 in 19ms
 GET /socket.io?EIO=4&transport=polling&t=3jymj9jr 404 in 138ms
 GET /socket.io?EIO=4&transport=polling&t=3k2tvwcj 404 in 35ms
 GET /socket.io?EIO=4&transport=polling&t=3k7fwebz 404 in 11ms
 GET /socket.io?EIO=4&transport=polling&t=3kc2kz0e 404 in 19ms
 GET /socket.io?EIO=4&transport=polling&t=3kgpaakx 404 in 45ms
 GET /socket.io?EIO=4&transport=polling&t=3klbx3g4 404 in 28ms
 GET /socket.io?EIO=4&transport=polling&t=3kpyjkxz 404 in 31ms
 GET /socket.io?EIO=4&transport=polling&t=3kuliqty 404 in 42ms
 GET /socket.io?EIO=4&transport=polling&t=3kz81urs 404 in 59ms
 GET /socket.io?EIO=4&transport=polling&t=3l3upk5v 404 in 64ms
 GET /socket.io?EIO=4&transport=polling&t=3l8uhw3w 404 in 55ms
 GET /socket.io?EIO=4&transport=polling&t=3ld44j65 404 in 40ms
 GET /socket.io?EIO=4&transport=polling&t=3lhqj232 404 in 21ms
 GET /socket.io?EIO=4&transport=polling&t=3lmdhnlh 404 in 15ms
 GET /socket.io?EIO=4&transport=polling&t=3lqzxm67 404 in 36ms
 GET /socket.io?EIO=4&transport=polling&t=3lvms3ts 404 in 26ms
 GET /socket.io?EIO=4&transport=polling&t=3m095f2c 404 in 22ms
 GET /socket.io?EIO=4&transport=polling&t=3m4vz14u 404 in 39ms
 GET /socket.io?EIO=4&transport=polling&t=3m9ijb5g 404 in 25ms
 GET /socket.io?EIO=4&transport=polling&t=3me5ar6p 404 in 18ms
 GET /socket.io?EIO=4&transport=polling&t=3miy5pzb 404 in 81ms
 GET /socket.io?EIO=4&transport=polling&t=3mnf7cwm 404 in 28ms
 GET /socket.io?EIO=4&transport=polling&t=3ms1795e 404 in 13ms
 GET /socket.io?EIO=4&transport=polling&t=3mwnveu0 404 in 34ms
 GET /socket.io?EIO=4&transport=polling&t=3n1c166v 404 in 129ms
 GET /socket.io?EIO=4&transport=polling&t=3n5x6zsw 404 in 17ms
 GET /socket.io?EIO=4&transport=polling&t=3nak76o7 404 in 34ms
 GET /socket.io?EIO=4&transport=polling&t=3nf6kvn8 404 in 30ms
 GET /socket.io?EIO=4&transport=polling&t=3njt5txt 404 in 17ms
 GET /socket.io?EIO=4&transport=polling&t=3nofu35c 404 in 50ms
 GET /socket.io?EIO=4&transport=polling&t=3ntfhsce 404 in 89ms
 GET /socket.io?EIO=4&transport=polling&t=3nxpwn48 404 in 32ms
 GET /socket.io?EIO=4&transport=polling&t=3o2c1ct7 404 in 35ms
 GET /socket.io?EIO=4&transport=polling&t=3o6yfpya 404 in 8ms
 GET /socket.io?EIO=4&transport=polling&t=3obl9w8u 404 in 41ms
 GET /socket.io?EIO=4&transport=polling&t=3og85lij 404 in 51ms
 GET /socket.io?EIO=4&transport=polling&t=3okuju64 404 in 47ms
 GET /socket.io?EIO=4&transport=polling&t=3opj2cta 404 in 53ms
 GET /socket.io?EIO=4&transport=polling&t=3ou479oq 404 in 48ms
 GET /socket.io?EIO=4&transport=polling&t=3oyqosqi 404 in 20ms
 GET /socket.io?EIO=4&transport=polling&t=3p3hzz7l 404 in 109ms
 GET /socket.io?EIO=4&transport=polling&t=3p7zs3j3 404 in 42ms
 GET /socket.io?EIO=4&transport=polling&t=3pcmfq62 404 in 16ms
 GET /socket.io?EIO=4&transport=polling&t=3ph9ec04 404 in 19ms
 GET /socket.io?EIO=4&transport=polling&t=3plvq5zj 404 in 19ms
 GET /socket.io?EIO=4&transport=polling&t=3pqiebtc 404 in 12ms
 GET /socket.io?EIO=4&transport=polling&t=3pv57xs0 404 in 30ms
 GET /socket.io?EIO=4&transport=polling&t=3pzrrcgo 404 in 23ms
 GET /socket.io?EIO=4&transport=polling&t=3q4ed251 404 in 12ms
 GET /socket.io?EIO=4&transport=polling&t=3q914vsv 404 in 31ms
 GET /socket.io?EIO=4&transport=polling&t=3qdv4jth 404 in 285ms
 GET /socket.io?EIO=4&transport=polling&t=3qiavlod 404 in 46ms
 GET /socket.io?EIO=4&transport=polling&t=3qmx1tqo 404 in 22ms
 GET /socket.io?EIO=4&transport=polling&t=3qrjq7cd 404 in 23ms
 GET /socket.io?EIO=4&transport=polling&t=3qw6dz7v 404 in 20ms
 GET /socket.io?EIO=4&transport=polling&t=3r0t0s06 404 in 14ms
 GET /socket.io?EIO=4&transport=polling&t=3r5frmec 404 in 24ms
 GET /socket.io?EIO=4&transport=polling&t=3ra2d1hv 404 in 20ms
 GET /socket.io?EIO=4&transport=polling&t=3rep3g6c 404 in 38ms
 GET /socket.io?EIO=4&transport=polling&t=3rjbpusv 404 in 18ms
 GET /socket.io?EIO=4&transport=polling&t=3ro9ld6k 404 in 140ms
 GET /socket.io?EIO=4&transport=polling&t=3rsl1w41 404 in 36ms
 GET /socket.io?EIO=4&transport=polling&t=3rx7om6f 404 in 16ms
 GET /socket.io?EIO=4&transport=polling&t=3s1uezis 404 in 58ms
 GET /socket.io?EIO=4&transport=polling&t=3s6h07wb 404 in 21ms
 GET /socket.io?EIO=4&transport=polling&t=3sb3uq8p 404 in 165ms
 GET /socket.io?EIO=4&transport=polling&t=3sfqgkrn 404 in 53ms
 GET /socket.io?EIO=4&transport=polling&t=3skcz0bb 404 in 19ms
 GET /socket.io?EIO=4&transport=polling&t=3sozpjry 404 in 54ms
 GET /socket.io?EIO=4&transport=polling&t=3stmawf7 404 in 24ms
 GET /socket.io?EIO=4&transport=polling&t=3synmqsx 404 in 33ms
 GET /socket.io?EIO=4&transport=polling&t=3t2vs1x9 404 in 30ms
 GET /socket.io?EIO=4&transport=polling&t=3t7ifzzw 404 in 60ms
 GET /socket.io?EIO=4&transport=polling&t=3tc500aw 404 in 66ms
 GET /socket.io?EIO=4&transport=polling&t=3tgroihn 404 in 56ms
 GET /socket.io?EIO=4&transport=polling&t=3tleb003 404 in 42ms
 GET /socket.io?EIO=4&transport=polling&t=3tq156e0 404 in 68ms
 GET /socket.io?EIO=4&transport=polling&t=3tunme17 404 in 54ms
 GET /socket.io?EIO=4&transport=polling&t=3tzaxr7d 404 in 57ms
 GET /socket.io?EIO=4&transport=polling&t=3u3wyldj 404 in 23ms
 GET /socket.io?EIO=4&transport=polling&t=3u8ttl0g 404 in 49ms
 GET /socket.io?EIO=4&transport=polling&t=3ud6fkgg 404 in 37ms
 GET /socket.io?EIO=4&transport=polling&t=3uht0g6v 404 in 28ms
 GET /socket.io?EIO=4&transport=polling&t=3umfnjap 404 in 57ms
 ○ Compiling /api/auth/[...nextauth] ...
 ✓ Compiled /api/auth/[...nextauth] in 1305ms (757 modules)
 GET /api/auth/session 200 in 1603ms
 GET /api/auth/session 200 in 5ms
 GET /api/auth/session 200 in 4ms
 GET /socket.io?EIO=4&transport=polling&t=3ur38qhy 404 in 87ms
 GET /socket.io?EIO=4&transport=polling&t=3urro6bm 404 in 22ms
 GET /socket.io?EIO=4&transport=polling&t=3usm7fxk 404 in 12ms
 GET /socket.io?EIO=4&transport=polling&t=3uux6e2d 404 in 17ms
 GET /socket.io?EIO=4&transport=polling&t=3ux8izhn 404 in 16ms
 GET /socket.io?EIO=4&transport=polling&t=3v1v6wlc 404 in 29ms
 GET /socket.io?EIO=4&transport=polling&t=3v6hsw52 404 in 21ms
 GET /socket.io?EIO=4&transport=polling&t=3vb4imwt 404 in 25ms
 GET /socket.io?EIO=4&transport=polling&t=3vfr4xsy 404 in 20ms
 GET /socket.io?EIO=4&transport=polling&t=3vkendgb 404 in 27ms
 GET /socket.io?EIO=4&transport=polling&t=3vp1hfx5 404 in 65ms
 GET /socket.io?EIO=4&transport=polling&t=3vtn65l5 404 in 25ms
 GET /socket.io?EIO=4&transport=polling&t=3vy9s6v0 404 in 26ms
 GET /socket.io?EIO=4&transport=polling&t=3w2yi297 404 in 28ms
 GET /socket.io?EIO=4&transport=polling&t=3w7j4jyd 404 in 22ms
 GET /socket.io?EIO=4&transport=polling&t=3wc5ugpr 404 in 49ms
 GET /socket.io?EIO=4&transport=polling&t=3wgsgfob 404 in 12ms
 GET /socket.io?EIO=4&transport=polling&t=3wlf30r5 404 in 15ms
 GET /socket.io?EIO=4&transport=polling&t=3wq1t2ey 404 in 72ms
 GET /socket.io?EIO=4&transport=polling&t=3wuojyg2 404 in 54ms
 GET /socket.io?EIO=4&transport=polling&t=3wzbdwtr 404 in 53ms
 GET /socket.io?EIO=4&transport=polling&t=3x3xspvz 404 in 16ms
 GET /socket.io?EIO=4&transport=polling&t=3x8kkl43 404 in 35ms
 GET /socket.io?EIO=4&transport=polling&t=3xd749gz 404 in 24ms
 GET /socket.io?EIO=4&transport=polling&t=3xhttvp7 404 in 37ms
 GET /socket.io?EIO=4&transport=polling&t=3xmgggpu 404 in 21ms
 GET /socket.io?EIO=4&transport=polling&t=3xr37f17 404 in 41ms
 GET /socket.io?EIO=4&transport=polling&t=3xvpw0jh 404 in 12ms
 GET /socket.io?EIO=4&transport=polling&t=3y0cg3e6 404 in 20ms
 GET /socket.io?EIO=4&transport=polling&t=3y4z5a94 404 in 38ms
 GET /socket.io?EIO=4&transport=polling&t=3y9lv9y3 404 in 47ms
 GET /socket.io?EIO=4&transport=polling&t=3ye8dh73 404 in 20ms
 GET /socket.io?EIO=4&transport=polling&t=3yiv3rrf 404 in 23ms
 GET /socket.io?EIO=4&transport=polling&t=3ynhq5n6 404 in 15ms
 GET /socket.io?EIO=4&transport=polling&t=3ys4f15p 404 in 11ms
 GET /socket.io?EIO=4&transport=polling&t=3ywr5cri 404 in 38ms
 GET /socket.io?EIO=4&transport=polling&t=3z1dp2rh 404 in 19ms
 GET /socket.io?EIO=4&transport=polling&t=3z60g3bj 404 in 53ms
 GET /socket.io?EIO=4&transport=polling&t=3zan1e42 404 in 13ms
 GET /socket.io?EIO=4&transport=polling&t=3zf9uvtn 404 in 39ms
 GET /socket.io?EIO=4&transport=polling&t=3zjwe47v 404 in 19ms
 GET /socket.io?EIO=4&transport=polling&t=3zoj1hdp 404 in 39ms
 GET /socket.io?EIO=4&transport=polling&t=3zt5p6s6 404 in 19ms
 GET /socket.io?EIO=4&transport=polling&t=3zxsb0uf 404 in 35ms
 GET /socket.io?EIO=4&transport=polling&t=402f2bzb 404 in 16ms
 GET /socket.io?EIO=4&transport=polling&t=4071prp4 404 in 22ms
 GET /socket.io?EIO=4&transport=polling&t=40bodn5w 404 in 19ms
 GET /socket.io?EIO=4&transport=polling&t=40gb0pq3 404 in 22ms
 GET /socket.io?EIO=4&transport=polling&t=40kxpara 404 in 20ms
 GET /socket.io?EIO=4&transport=polling&t=40pl9y7h 404 in 25ms
 GET /socket.io?EIO=4&transport=polling&t=40u70lb1 404 in 19ms
 GET /socket.io?EIO=4&transport=polling&t=40ytr0gg 404 in 28ms
 GET /socket.io?EIO=4&transport=polling&t=413gb2xp 404 in 14ms
 GET /socket.io?EIO=4&transport=polling&t=418318kd 404 in 15ms
 GET /socket.io?EIO=4&transport=polling&t=41cpo0ii 404 in 16ms
 GET /socket.io?EIO=4&transport=polling&t=41hcdpn2 404 in 14ms
 GET /socket.io?EIO=4&transport=polling&t=41lz10iz 404 in 27ms
 GET /socket.io?EIO=4&transport=polling&t=41qlns0u 404 in 24ms
 GET /socket.io?EIO=4&transport=polling&t=41v8dy11 404 in 34ms
 GET /socket.io?EIO=4&transport=polling&t=41zve3rf 404 in 22ms
 GET /socket.io?EIO=4&transport=polling&t=424hn6li 404 in 22ms
 GET /socket.io?EIO=4&transport=polling&t=4294cxt5 404 in 24ms
 GET /socket.io?EIO=4&transport=polling&t=42dqz7xp 404 in 23ms
 GET /socket.io?EIO=4&transport=polling&t=42idm3k4 404 in 10ms
 GET /socket.io?EIO=4&transport=polling&t=42n0ct5m 404 in 21ms
 GET /socket.io?EIO=4&transport=polling&t=42rn1wvu 404 in 19ms
 GET /socket.io?EIO=4&transport=polling&t=42w9ugn9 404 in 49ms
 GET /socket.io?EIO=4&transport=polling&t=430w97yu 404 in 18ms
 GET /socket.io?EIO=4&transport=polling&t=435j1vqu 404 in 54ms
 GET /socket.io?EIO=4&transport=polling&t=43a7ffjw 404 in 29ms
 GET /socket.io?EIO=4&transport=polling&t=43esc699 404 in 50ms
 GET /socket.io?EIO=4&transport=polling&t=43jexl6v 404 in 15ms
 GET /socket.io?EIO=4&transport=polling&t=43o1oqx4 404 in 39ms
 GET /socket.io?EIO=4&transport=polling&t=43so8ysg 404 in 14ms
 GET /socket.io?EIO=4&transport=polling&t=43xaymqq 404 in 36ms
 GET /socket.io?EIO=4&transport=polling&t=441xm08n 404 in 18ms
 GET /socket.io?EIO=4&transport=polling&t=446k9h55 404 in 33ms
 GET /socket.io?EIO=4&transport=polling&t=44b6vjwh 404 in 18ms
 GET /socket.io?EIO=4&transport=polling&t=44ftl5rs 404 in 23ms
 GET /socket.io?EIO=4&transport=polling&t=44kgbg3b 404 in 46ms
 GET /socket.io?EIO=4&transport=polling&t=44p304mj 404 in 20ms
 GET /socket.io?EIO=4&transport=polling&t=44tplemr 404 in 14ms
 GET /socket.io?EIO=4&transport=polling&t=44yc9af4 404 in 57ms
 GET /socket.io?EIO=4&transport=polling&t=452ywb78 404 in 13ms
 GET /socket.io?EIO=4&transport=polling&t=457llck8 404 in 45ms
 GET /socket.io?EIO=4&transport=polling&t=45c887ft 404 in 21ms
 GET /socket.io?EIO=4&transport=polling&t=45gv4r58 404 in 59ms
 GET /socket.io?EIO=4&transport=polling&t=45lhiclu 404 in 20ms
 GET /socket.io?EIO=4&transport=polling&t=45q47t5q 404 in 23ms
 GET /socket.io?EIO=4&transport=polling&t=45uqz1kn 404 in 43ms
 GET /socket.io?EIO=4&transport=polling&t=45zdj684 404 in 33ms
 GET /socket.io?EIO=4&transport=polling&t=4640e1q4 404 in 50ms
 GET /socket.io?EIO=4&transport=polling&t=468mv5i2 404 in 16ms
 GET /socket.io?EIO=4&transport=polling&t=46d9l1lb 404 in 27ms
 GET /socket.io?EIO=4&transport=polling&t=46hw665g 404 in 10ms
 GET /socket.io?EIO=4&transport=polling&t=46miuip3 404 in 22ms
 GET /socket.io?EIO=4&transport=polling&t=46r5hwq1 404 in 12ms
 GET /socket.io?EIO=4&transport=polling&t=46vsaln8 404 in 36ms
 GET /socket.io?EIO=4&transport=polling&t=470euvqo 404 in 20ms
 GET /socket.io?EIO=4&transport=polling&t=4751uk2s 404 in 31ms
 GET /socket.io?EIO=4&transport=polling&t=479oby3g 404 in 15ms
 GET /socket.io?EIO=4&transport=polling&t=47eavfuk 404 in 30ms
 GET /socket.io?EIO=4&transport=polling&t=47ixjbez 404 in 25ms
 GET /socket.io?EIO=4&transport=polling&t=47nk522s 404 in 10ms
 GET /socket.io?EIO=4&transport=polling&t=47s6uklx 404 in 27ms
 GET /socket.io?EIO=4&transport=polling&t=47wtjydg 404 in 21ms
 GET /socket.io?EIO=4&transport=polling&t=481garhw 404 in 41ms
 GET /socket.io?EIO=4&transport=polling&t=4862u4ph 404 in 19ms
 GET /socket.io?EIO=4&transport=polling&t=48apj08v 404 in 28ms
 GET /socket.io?EIO=4&transport=polling&t=48fc7u8q 404 in 41ms
 GET /socket.io?EIO=4&transport=polling&t=48jytjpo 404 in 39ms
 GET /socket.io?EIO=4&transport=polling&t=48olkonk 404 in 43ms
 GET /socket.io?EIO=4&transport=polling&t=48t87zz1 404 in 23ms
 GET /socket.io?EIO=4&transport=polling&t=48xv42cw 404 in 43ms
 GET /socket.io?EIO=4&transport=polling&t=492hff8h 404 in 12ms
 GET /socket.io?EIO=4&transport=polling&t=4974lfci 404 in 43ms
 GET /socket.io?EIO=4&transport=polling&t=49bqsaco 404 in 15ms
 GET /socket.io?EIO=4&transport=polling&t=49gdhtcu 404 in 21ms
 GET /socket.io?EIO=4&transport=polling&t=49l07vh4 404 in 60ms
 GET /socket.io?EIO=4&transport=polling&t=49pqugwv 404 in 96ms
 GET /socket.io?EIO=4&transport=polling&t=49u9hevo 404 in 19ms
 GET /socket.io?EIO=4&transport=polling&t=49ywnvld 404 in 46ms
 GET /socket.io?EIO=4&transport=polling&t=4a3irlz3 404 in 14ms
 GET /socket.io?EIO=4&transport=polling&t=4a85rwl0 404 in 15ms
 GET /socket.io?EIO=4&transport=polling&t=4acs45u8 404 in 15ms
 GET /socket.io?EIO=4&transport=polling&t=4ahevua2 404 in 22ms
 GET /socket.io?EIO=4&transport=polling&t=4am1fcy3 404 in 19ms
 GET /socket.io?EIO=4&transport=polling&t=4aqobcsw 404 in 49ms
 GET /socket.io?EIO=4&transport=polling&t=4avarfwx 404 in 15ms
 GET /socket.io?EIO=4&transport=polling&t=4azxi206 404 in 43ms
 GET /socket.io?EIO=4&transport=polling&t=4b4k715s 404 in 28ms
 GET /socket.io?EIO=4&transport=polling&t=4b96of1y 404 in 6ms
 GET /socket.io?EIO=4&transport=polling&t=4bdtrcy6 404 in 20ms
 GET /socket.io?EIO=4&transport=polling&t=4big71ud 404 in 18ms
 GET /socket.io?EIO=4&transport=polling&t=4bn2t2d7 404 in 15ms
 GET /socket.io?EIO=4&transport=polling&t=4brpid8t 404 in 34ms
 GET /socket.io?EIO=4&transport=polling&t=4bwc1v5w 404 in 20ms
 GET /socket.io?EIO=4&transport=polling&t=4c0ysswh 404 in 15ms
 GET /socket.io?EIO=4&transport=polling&t=4c5lpqer 404 in 24ms
 GET /socket.io?EIO=4&transport=polling&t=4ca8jpf5 404 in 43ms
 GET /socket.io?EIO=4&transport=polling&t=4ceup4o0 404 in 11ms
 GET /socket.io?EIO=4&transport=polling&t=4cjhhur5 404 in 32ms
 GET /socket.io?EIO=4&transport=polling&t=4co5ayao 404 in 8ms
 GET /socket.io?EIO=4&transport=polling&t=4csqosqx 404 in 10ms
 GET /socket.io?EIO=4&transport=polling&t=4cxdb1og 404 in 13ms
 GET /socket.io?EIO=4&transport=polling&t=4d1zzxmj 404 in 11ms
 GET /socket.io?EIO=4&transport=polling&t=4d6mo7dx 404 in 14ms
 GET /socket.io?EIO=4&transport=polling&t=4db9co2y 404 in 11ms
 GET /socket.io?EIO=4&transport=polling&t=4dfw0ftp 404 in 6ms
 GET /socket.io?EIO=4&transport=polling&t=4dkips6q 404 in 13ms
 GET /socket.io?EIO=4&transport=polling&t=4dp5dric 404 in 18ms
 GET /socket.io?EIO=4&transport=polling&t=4dtsd0o9 404 in 27ms
 GET /socket.io?EIO=4&transport=polling&t=4dyex2gx 404 in 879ms
 GET /socket.io?EIO=4&transport=polling&t=4e3t48u2 404 in 46ms
 GET /socket.io?EIO=4&transport=polling&t=4e8fpfb7 404 in 12ms
 GET /socket.io?EIO=4&transport=polling&t=4ed2ee8d 404 in 10ms
 GET /socket.io?EIO=4&transport=polling&t=4ehp3zci 404 in 10ms
 GET /socket.io?EIO=4&transport=polling&t=4embr5ba 404 in 13ms
 GET /socket.io?EIO=4&transport=polling&t=4eqyechz 404 in 11ms
 GET /socket.io?EIO=4&transport=polling&t=4evl280u 404 in 11ms
 GET /socket.io?EIO=4&transport=polling&t=4f080i2b 404 in 29ms
 GET /socket.io?EIO=4&transport=polling&t=4f4uqq4e 404 in 29ms
 GET /socket.io?EIO=4&transport=polling&t=4f9hf2et 404 in 462ms
 GET /socket.io?EIO=4&transport=polling&t=4fe3yr4f 404 in 36ms
 GET /socket.io?EIO=4&transport=polling&t=4fiqdat0 404 in 12ms
 GET /socket.io?EIO=4&transport=polling&t=4fnd252c 404 in 14ms
 GET /socket.io?EIO=4&transport=polling&t=4frzq15h 404 in 14ms
 GET /socket.io?EIO=4&transport=polling&t=4fwmezoe 404 in 25ms
 GET /socket.io?EIO=4&transport=polling&t=4g191573 404 in 11ms
 GET /socket.io?EIO=4&transport=polling&t=4g5vr7th 404 in 18ms
 GET /socket.io?EIO=4&transport=polling&t=4gaidmbc 404 in 8ms
 GET /socket.io?EIO=4&transport=polling&t=4gf51gii 404 in 18ms
 GET /socket.io?EIO=4&transport=polling&t=4gjrp1xa 404 in 17ms
 GET /socket.io?EIO=4&transport=polling&t=4goebf9j 404 in 9ms
 GET /socket.io?EIO=4&transport=polling&t=4gt11ovn 404 in 22ms
 GET /socket.io?EIO=4&transport=polling&t=4gxnot71 404 in 16ms
 GET /socket.io?EIO=4&transport=polling&t=4h2ajz87 404 in 16ms
 GET /socket.io?EIO=4&transport=polling&t=4h6wziwr 404 in 14ms
 GET /socket.io?EIO=4&transport=polling&t=4hbjonxg 404 in 16ms
 GET /socket.io?EIO=4&transport=polling&t=4hg6ddiz 404 in 22ms
 GET /socket.io?EIO=4&transport=polling&t=4hkt5709 404 in 19ms
 GET /socket.io?EIO=4&transport=polling&t=4hpfnaxx 404 in 11ms
 GET /socket.io?EIO=4&transport=polling&t=4hu2bgps 404 in 19ms
 GET /socket.io?EIO=4&transport=polling&t=4hyoysu5 404 in 13ms
 GET /socket.io?EIO=4&transport=polling&t=4i3bondu 404 in 18ms
 GET /socket.io?EIO=4&transport=polling&t=4i7ybc5y 404 in 10ms
 GET /socket.io?EIO=4&transport=polling&t=4ickzdbz 404 in 19ms
 GET /socket.io?EIO=4&transport=polling&t=4ih7ny7j 404 in 22ms
 GET /socket.io?EIO=4&transport=polling&t=4ilucax9 404 in 19ms
 GET /socket.io?EIO=4&transport=polling&t=4iqgzp80 404 in 24ms
 GET /socket.io?EIO=4&transport=polling&t=4iv3osuo 404 in 14ms
 GET /socket.io?EIO=4&transport=polling&t=4izqds45 404 in 16ms
 GET /socket.io?EIO=4&transport=polling&t=4j4cx6w0 404 in 101ms
 GET /socket.io?EIO=4&transport=polling&t=4j8zl5jz 404 in 10ms
 GET /socket.io?EIO=4&transport=polling&t=4jdmbvbg 404 in 20ms
 GET /socket.io?EIO=4&transport=polling&t=4ji8y9gc 404 in 19ms
 GET /socket.io?EIO=4&transport=polling&t=4jmvlhkb 404 in 18ms
 GET /socket.io?EIO=4&transport=polling&t=4jribcrg 404 in 17ms
 GET /socket.io?EIO=4&transport=polling&t=4jw4xei5 404 in 22ms
 GET /socket.io?EIO=4&transport=polling&t=4k0rr0ya 404 in 12ms
 GET /socket.io?EIO=4&transport=polling&t=4k5ea0m9 404 in 21ms
 GET /socket.io?EIO=4&transport=polling&t=4ka0vpob 404 in 17ms
 GET /socket.io?EIO=4&transport=polling&t=4kenlymt 404 in 20ms
 GET /socket.io?EIO=4&transport=polling&t=4kja943i 404 in 12ms
 GET /socket.io?EIO=4&transport=polling&t=4knwybca 404 in 18ms
 GET /socket.io?EIO=4&transport=polling&t=4ksjlm0y 404 in 18ms
 GET /socket.io?EIO=4&transport=polling&t=4kx69t83 404 in 20ms
 GET /socket.io?EIO=4&transport=polling&t=4l1szplp 404 in 33ms
 GET /socket.io?EIO=4&transport=polling&t=4l6fl1ao 404 in 26ms
 GET /socket.io?EIO=4&transport=polling&t=4lb2a0lg 404 in 57ms
 GET /socket.io?EIO=4&transport=polling&t=4lfow07a 404 in 21ms
 GET /socket.io?EIO=4&transport=polling&t=4lkbld81 404 in 21ms
 GET /socket.io?EIO=4&transport=polling&t=4loy84kc 404 in 10ms
 GET /socket.io?EIO=4&transport=polling&t=4ltkyd7q 404 in 27ms
 GET /socket.io?EIO=4&transport=polling&t=4ly7kq8n 404 in 18ms
 GET /socket.io?EIO=4&transport=polling&t=4m2uaa5r 404 in 59ms
 GET /socket.io?EIO=4&transport=polling&t=4m7guz5g 404 in 18ms
 GET /socket.io?EIO=4&transport=polling&t=4mc3hs8k 404 in 12ms
 GET /socket.io?EIO=4&transport=polling&t=4mgq6u96 404 in 14ms
 GET /socket.io?EIO=4&transport=polling&t=4mlcv8gw 404 in 18ms
 GET /socket.io?EIO=4&transport=polling&t=4mpzkfp4 404 in 20ms
 GET /socket.io?EIO=4&transport=polling&t=4mum769x 404 in 14ms
 GET /socket.io?EIO=4&transport=polling&t=4mz8usp2 404 in 20ms
 GET /socket.io?EIO=4&transport=polling&t=4n3vi1lp 404 in 14ms
 GET /socket.io?EIO=4&transport=polling&t=4n8i67o4 404 in 18ms
 GET /socket.io?EIO=4&transport=polling&t=4nd4vngq 404 in 16ms
 GET /socket.io?EIO=4&transport=polling&t=4nhrh72g 404 in 19ms
 GET /socket.io?EIO=4&transport=polling&t=4nme75bm 404 in 18ms
 GET /socket.io?EIO=4&transport=polling&t=4nr0v3g8 404 in 11ms
 GET /socket.io?EIO=4&transport=polling&t=4nvnlafu 404 in 43ms
 GET /socket.io?EIO=4&transport=polling&t=4o0a98ws 404 in 21ms
 GET /socket.io?EIO=4&transport=polling&t=4o4wsm28 404 in 17ms
 GET /socket.io?EIO=4&transport=polling&t=4o9jixcz 404 in 21ms
 GET /socket.io?EIO=4&transport=polling&t=4oe66ypo 404 in 11ms
 GET /socket.io?EIO=4&transport=polling&t=4oiss6yr 404 in 21ms
 GET /socket.io?EIO=4&transport=polling&t=4onfhcu1 404 in 17ms
 GET /socket.io?EIO=4&transport=polling&t=4os25jkp 404 in 52ms
 GET /socket.io?EIO=4&transport=polling&t=4owowtiz 404 in 9ms
 GET /socket.io?EIO=4&transport=polling&t=4p1bfxfe 404 in 23ms
 GET /socket.io?EIO=4&transport=polling&t=4p5y9gxv 404 in 41ms
 GET /socket.io?EIO=4&transport=polling&t=4paktvuu 404 in 17ms
 GET /socket.io?EIO=4&transport=polling&t=4pf7gwpu 404 in 22ms
 GET /socket.io?EIO=4&transport=polling&t=4pju4u30 404 in 23ms
 GET /socket.io?EIO=4&transport=polling&t=4pogsah7 404 in 18ms
 GET /socket.io?EIO=4&transport=polling&t=4pt3gnos 404 in 20ms
 GET /socket.io?EIO=4&transport=polling&t=4pxq4hcn 404 in 19ms
 GET /socket.io?EIO=4&transport=polling&t=4q2cryw9 404 in 25ms
 GET /socket.io?EIO=4&transport=polling&t=4q6zgdoy 404 in 21ms
 GET /socket.io?EIO=4&transport=polling&t=4qbm3wyj 404 in 12ms
 GET /socket.io?EIO=4&transport=polling&t=4qg8vqdu 404 in 45ms
 GET /socket.io?EIO=4&transport=polling&t=4qkvg78c 404 in 22ms
 GET /socket.io?EIO=4&transport=polling&t=4qpi3bok 404 in 15ms
 GET /socket.io?EIO=4&transport=polling&t=4qu4sr00 404 in 21ms
 GET /socket.io?EIO=4&transport=polling&t=4qyrfad5 404 in 28ms
 GET /socket.io?EIO=4&transport=polling&t=4r3e5o4y 404 in 18ms
 GET /socket.io?EIO=4&transport=polling&t=4r80rd7u 404 in 25ms
 GET /socket.io?EIO=4&transport=polling&t=4rco7p9g 404 in 21ms
 GET /socket.io?EIO=4&transport=polling&t=4rha2f7n 404 in 21ms
 GET /socket.io?EIO=4&transport=polling&t=4rlwqyc9 404 in 19ms
 GET /socket.io?EIO=4&transport=polling&t=4rqjhd1t 404 in 19ms
 GET /socket.io?EIO=4&transport=polling&t=4rv62vvb 404 in 15ms
 GET /socket.io?EIO=4&transport=polling&t=4rzsr27j 404 in 19ms
 GET /socket.io?EIO=4&transport=polling&t=4s4fdngq 404 in 20ms
 GET /socket.io?EIO=4&transport=polling&t=4s9212a2 404 in 13ms
 GET /socket.io?EIO=4&transport=polling&t=4sdoqy3v 404 in 17ms
 GET /socket.io?EIO=4&transport=polling&t=4sibdodc 404 in 20ms
 GET /socket.io?EIO=4&transport=polling&t=4smy1pss 404 in 22ms
 GET /socket.io?EIO=4&transport=polling&t=4srkpfpy 404 in 23ms
 GET /socket.io?EIO=4&transport=polling&t=4sw7d3st 404 in 12ms
 GET /socket.io?EIO=4&transport=polling&t=4t0u2qkn 404 in 33ms
 GET /socket.io?EIO=4&transport=polling&t=4t5guvse 404 in 27ms
 GET /socket.io?EIO=4&transport=polling&t=4ta3d2os 404 in 26ms
 GET /socket.io?EIO=4&transport=polling&t=4teq1fql 404 in 19ms
 GET /socket.io?EIO=4&transport=polling&t=4tjctm4t 404 in 44ms
 GET /socket.io?EIO=4&transport=polling&t=4tnzc18v 404 in 12ms
 GET /socket.io?EIO=4&transport=polling&t=4tsm0ukk 404 in 19ms
 GET /socket.io?EIO=4&transport=polling&t=4tx8q43u 404 in 56ms
 GET /socket.io?EIO=4&transport=polling&t=4u1vcft9 404 in 18ms
 GET /socket.io?EIO=4&transport=polling&t=4u6i3dev 404 in 17ms
 GET /socket.io?EIO=4&transport=polling&t=4ub4ptbf 404 in 82ms
 GET /socket.io?EIO=4&transport=polling&t=4ufrcx9n 404 in 16ms
 GET /socket.io?EIO=4&transport=polling&t=4ukdzeky 404 in 12ms
 GET /socket.io?EIO=4&transport=polling&t=4up0nrud 404 in 22ms
 GET /socket.io?EIO=4&transport=polling&t=4utnbulg 404 in 29ms
 GET /socket.io?EIO=4&transport=polling&t=4uy9yqcs 404 in 17ms
 GET /socket.io?EIO=4&transport=polling&t=4v2wncvb 404 in 20ms
 GET /socket.io?EIO=4&transport=polling&t=4v7jbye7 404 in 10ms
 GET /socket.io?EIO=4&transport=polling&t=4vc649rn 404 in 22ms
 GET /socket.io?EIO=4&transport=polling&t=4vgsc40u 404 in 18ms
 GET /socket.io?EIO=4&transport=polling&t=4vlf1uce 404 in 31ms
 GET /socket.io?EIO=4&transport=polling&t=4vq1grzc 404 in 13ms
 GET /socket.io?EIO=4&transport=polling&t=4vuo4xz6 404 in 20ms
 GET /socket.io?EIO=4&transport=polling&t=4vzapgjm 404 in 16ms
 GET /socket.io?EIO=4&transport=polling&t=4w3xdb7q 404 in 40ms
 GET /socket.io?EIO=4&transport=polling&t=4w8k0uow 404 in 19ms
 GET /socket.io?EIO=4&transport=polling&t=4wd6m6v4 404 in 26ms
 GET /socket.io?EIO=4&transport=polling&t=4wht93ta 404 in 20ms
 GET /socket.io?EIO=4&transport=polling&t=4wmfw7e7 404 in 22ms
 GET /socket.io?EIO=4&transport=polling&t=4wr2lwk8 404 in 19ms
 GET /socket.io?EIO=4&transport=polling&t=4wvpbylh 404 in 64ms
 GET /socket.io?EIO=4&transport=polling&t=4x0bxdca 404 in 13ms
 GET /socket.io?EIO=4&transport=polling&t=4x4ykfik 404 in 28ms
 GET /socket.io?EIO=4&transport=polling&t=4x9l8oqk 404 in 9ms
 GET /socket.io?EIO=4&transport=polling&t=4xe7xl9s 404 in 23ms
 GET /socket.io?EIO=4&transport=polling&t=4xiukv6l 404 in 19ms
 GET /socket.io?EIO=4&transport=polling&t=4xnh7ao6 404 in 17ms
 GET /socket.io?EIO=4&transport=polling&t=4xs4nuaj 404 in 29ms
 GET /socket.io?EIO=4&transport=polling&t=4xwqjyns 404 in 15ms
 GET /socket.io?EIO=4&transport=polling&t=4y1d8abr 404 in 19ms
 GET /socket.io?EIO=4&transport=polling&t=4y5zwegt 404 in 52ms
 GET /socket.io?EIO=4&transport=polling&t=4yamjloz 404 in 15ms
 GET /socket.io?EIO=4&transport=polling&t=4yf96pnf 404 in 18ms
 GET /socket.io?EIO=4&transport=polling&t=4yjvwyes 404 in 24ms
 GET /socket.io?EIO=4&transport=polling&t=4yoihynv 404 in 7ms
 GET /socket.io?EIO=4&transport=polling&t=4yt54gyl 404 in 21ms
 GET /socket.io?EIO=4&transport=polling&t=4yxrt4d1 404 in 23ms
 GET /socket.io?EIO=4&transport=polling&t=4z2eix5o 404 in 17ms
 GET /socket.io?EIO=4&transport=polling&t=4z716ole 404 in 20ms
 GET /socket.io?EIO=4&transport=polling&t=4zbnx5y4 404 in 15ms
 GET /socket.io?EIO=4&transport=polling&t=4zgal5yr 404 in 46ms
 GET /socket.io?EIO=4&transport=polling&t=4zkx755y 404 in 38ms
 GET /socket.io?EIO=4&transport=polling&t=4zpjr4yq 404 in 17ms
 GET /socket.io?EIO=4&transport=polling&t=4zu6ig15 404 in 22ms
 GET /socket.io?EIO=4&transport=polling&t=4zyt44ch 404 in 12ms
 GET /socket.io?EIO=4&transport=polling&t=503fs512 404 in 11ms
 GET /socket.io?EIO=4&transport=polling&t=5082hzba 404 in 23ms
 GET /socket.io?EIO=4&transport=polling&t=50cp2snd 404 in 15ms
 GET /socket.io?EIO=4&transport=polling&t=50hbs5p6 404 in 19ms
 GET /socket.io?EIO=4&transport=polling&t=50lye5wc 404 in 48ms
 GET /socket.io?EIO=4&transport=polling&t=50ql9tm1 404 in 51ms
 GET /socket.io?EIO=4&transport=polling&t=50v7tay9 404 in 15ms
 GET /socket.io?EIO=4&transport=polling&t=50zueb98 404 in 44ms
 GET /socket.io?EIO=4&transport=polling&t=514h2txm 404 in 19ms
 GET /socket.io?EIO=4&transport=polling&t=5193swno 404 in 26ms
 GET /socket.io?EIO=4&transport=polling&t=51dqfxt6 404 in 20ms
 GET /socket.io?EIO=4&transport=polling&t=51id21jw 404 in 10ms
 GET /socket.io?EIO=4&transport=polling&t=51mzs124 404 in 23ms
 GET /socket.io?EIO=4&transport=polling&t=51rmhx38 404 in 17ms
 GET /socket.io?EIO=4&transport=polling&t=51w923qg 404 in 15ms
 GET /socket.io?EIO=4&transport=polling&t=520vs7p4 404 in 56ms
 GET /socket.io?EIO=4&transport=polling&t=525ih1w3 404 in 47ms
 GET /socket.io?EIO=4&transport=polling&t=52a51pag 404 in 15ms
 GET /socket.io?EIO=4&transport=polling&t=52errp5e 404 in 39ms
 GET /socket.io?EIO=4&transport=polling&t=52jed5ug 404 in 12ms
 GET /socket.io?EIO=4&transport=polling&t=52o10ol7 404 in 20ms
 GET /socket.io?EIO=4&transport=polling&t=52snqeud 404 in 18ms
 GET /socket.io?EIO=4&transport=polling&t=52xb3kad 404 in 8ms
 GET /socket.io?EIO=4&transport=polling&t=531x17k2 404 in 23ms
 GET /socket.io?EIO=4&transport=polling&t=536jp4au 404 in 14ms
 GET /socket.io?EIO=4&transport=polling&t=53b6gdeb 404 in 64ms
 GET /socket.io?EIO=4&transport=polling&t=53ft0w0y 404 in 12ms
 GET /socket.io?EIO=4&transport=polling&t=53kfq41j 404 in 51ms
 GET /socket.io?EIO=4&transport=polling&t=53p2cnbe 404 in 17ms
 GET /socket.io?EIO=4&transport=polling&t=53toy3x9 404 in 11ms
 GET /socket.io?EIO=4&transport=polling&t=53ybopmz 404 in 21ms
 GET /socket.io?EIO=4&transport=polling&t=542yaprx 404 in 17ms
 GET /socket.io?EIO=4&transport=polling&t=547kyxix 404 in 28ms
 GET /socket.io?EIO=4&transport=polling&t=54c7n94n 404 in 37ms
 GET /socket.io?EIO=4&transport=polling&t=54gubnir 404 in 22ms
 GET /socket.io?EIO=4&transport=polling&t=54lgzp7n 404 in 20ms
 GET /socket.io?EIO=4&transport=polling&t=54q3nsu1 404 in 14ms
 GET /socket.io?EIO=4&transport=polling&t=54uqe8d9 404 in 36ms
 GET /socket.io?EIO=4&transport=polling&t=54zcxwod 404 in 17ms
 GET /socket.io?EIO=4&transport=polling&t=553zlz2t 404 in 12ms
 GET /socket.io?EIO=4&transport=polling&t=558m88hg 404 in 18ms
 GET /socket.io?EIO=4&transport=polling&t=55d8z5ix 404 in 14ms
 GET /socket.io?EIO=4&transport=polling&t=55hvjkwb 404 in 20ms
 GET /socket.io?EIO=4&transport=polling&t=55mi8qmh 404 in 10ms
 GET /socket.io?EIO=4&transport=polling&t=55r4wm2w 404 in 24ms
 GET /socket.io?EIO=4&transport=polling&t=55vrp93a 404 in 60ms
 GET /socket.io?EIO=4&transport=polling&t=560e8u70 404 in 12ms
 GET /socket.io?EIO=4&transport=polling&t=5650zbyy 404 in 18ms
 GET /socket.io?EIO=4&transport=polling&t=569nl6qs 404 in 22ms
 GET /socket.io?EIO=4&transport=polling&t=56ea8ht3 404 in 13ms
 GET /socket.io?EIO=4&transport=polling&t=56iww0os 404 in 20ms
 GET /socket.io?EIO=4&transport=polling&t=56njodpi 404 in 47ms
 GET /socket.io?EIO=4&transport=polling&t=56s66p1d 404 in 17ms
 GET /socket.io?EIO=4&transport=polling&t=56wszdm4 404 in 44ms
 GET /socket.io?EIO=4&transport=polling&t=571fku11 404 in 42ms
 GET /socket.io?EIO=4&transport=polling&t=57629nko 404 in 52ms
 GET /socket.io?EIO=4&transport=polling&t=57aov014 404 in 19ms
 GET /socket.io?EIO=4&transport=polling&t=57fbj06u 404 in 18ms
 GET /socket.io?EIO=4&transport=polling&t=57jy7lqb 404 in 19ms
 GET /socket.io?EIO=4&transport=polling&t=57okvi0u 404 in 20ms
 GET /socket.io?EIO=4&transport=polling&t=57t7jfec 404 in 18ms
 GET /socket.io?EIO=4&transport=polling&t=57xu71ya 404 in 17ms
 GET /socket.io?EIO=4&transport=polling&t=582gxkdk 404 in 34ms
 GET /socket.io?EIO=4&transport=polling&t=5873if4f 404 in 18ms
 GET /socket.io?EIO=4&transport=polling&t=58bq6jzn 404 in 18ms
 GET /socket.io?EIO=4&transport=polling&t=58gdcn7d 404 in 29ms
 GET /socket.io?EIO=4&transport=polling&t=58kzh5gy 404 in 11ms
 GET /socket.io?EIO=4&transport=polling&t=58pm96vq 404 in 47ms
 GET /socket.io?EIO=4&transport=polling&t=58u8t2cu 404 in 11ms
 GET /socket.io?EIO=4&transport=polling&t=58yvj3qo 404 in 33ms
 GET /socket.io?EIO=4&transport=polling&t=593i540m 404 in 17ms
 GET /socket.io?EIO=4&transport=polling&t=5984tb81 404 in 19ms
 GET /socket.io?EIO=4&transport=polling&t=59crhq42 404 in 53ms
 GET /socket.io?EIO=4&transport=polling&t=59he54b2 404 in 22ms
 GET /socket.io?EIO=4&transport=polling&t=59m0vxqd 404 in 33ms
 GET /socket.io?EIO=4&transport=polling&t=59qnjd6r 404 in 112ms
 GET /socket.io?EIO=4&transport=polling&t=59va3k0u 404 in 21ms
 GET /socket.io?EIO=4&transport=polling&t=59zwsosp 404 in 21ms
 GET /socket.io?EIO=4&transport=polling&t=5a4jgf0n 404 in 21ms
 GET /socket.io?EIO=4&transport=polling&t=5a9649dt 404 in 12ms
 GET /socket.io?EIO=4&transport=polling&t=5adssxf2 404 in 21ms
 GET /socket.io?EIO=4&transport=polling&t=5aifhjqt 404 in 20ms
 GET /socket.io?EIO=4&transport=polling&t=5an24o1x 404 in 16ms
 GET /socket.io?EIO=4&transport=polling&t=5arorrh6 404 in 30ms
 GET /socket.io?EIO=4&transport=polling&t=5awbdimf 404 in 14ms
 GET /socket.io?EIO=4&transport=polling&t=5b0y5gl8 404 in 55ms
 GET /socket.io?EIO=4&transport=polling&t=5b5kr0wh 404 in 18ms
 GET /socket.io?EIO=4&transport=polling&t=5ba7m8mu 404 in 21ms
 GET /socket.io?EIO=4&transport=polling&t=5beu0vie 404 in 13ms
 GET /socket.io?EIO=4&transport=polling&t=5bjgq5on 404 in 18ms
 GET /socket.io?EIO=4&transport=polling&t=5bo3d7k8 404 in 32ms
 GET /socket.io?EIO=4&transport=polling&t=5bsq19a1 404 in 21ms
 GET /socket.io?EIO=4&transport=polling&t=5bxcpr43 404 in 16ms
 GET /socket.io?EIO=4&transport=polling&t=5c1zdoon 404 in 16ms
 GET /socket.io?EIO=4&transport=polling&t=5c6m1s8w 404 in 21ms
 GET /socket.io?EIO=4&transport=polling&t=5cb8qm19 404 in 22ms
 GET /socket.io?EIO=4&transport=polling&t=5cfvd9pt 404 in 14ms
 GET /socket.io?EIO=4&transport=polling&t=5cki2j48 404 in 14ms
 GET /socket.io?EIO=4&transport=polling&t=5cp4pls3 404 in 24ms
 GET /socket.io?EIO=4&transport=polling&t=5ctrc5uv 404 in 6ms
 GET /socket.io?EIO=4&transport=polling&t=5cye1jbz 404 in 20ms
 GET /socket.io?EIO=4&transport=polling&t=5d30mkhd 404 in 13ms
 GET /socket.io?EIO=4&transport=polling&t=5d7nbfaf 404 in 19ms
 GET /socket.io?EIO=4&transport=polling&t=5dca0on6 404 in 22ms
 GET /socket.io?EIO=4&transport=polling&t=5dgwn2rd 404 in 16ms
 GET /socket.io?EIO=4&transport=polling&t=5dljdwlk 404 in 37ms
 GET /socket.io?EIO=4&transport=polling&t=5dq5ykqg 404 in 13ms
 GET /socket.io?EIO=4&transport=polling&t=5dusr1w3 404 in 31ms
 GET /socket.io?EIO=4&transport=polling&t=5dzfdjau 404 in 17ms
 GET /socket.io?EIO=4&transport=polling&t=5e420qxs 404 in 90ms
 GET /socket.io?EIO=4&transport=polling&t=5e8on0wx 404 in 20ms
 GET /socket.io?EIO=4&transport=polling&t=5edbacaz 404 in 46ms
 GET /socket.io?EIO=4&transport=polling&t=5ehxzq0m 404 in 17ms
 GET /socket.io?EIO=4&transport=polling&t=5emkmziq 404 in 20ms
 GET /socket.io?EIO=4&transport=polling&t=5er7bs5w 404 in 57ms
 GET /socket.io?EIO=4&transport=polling&t=5evu4dfc 404 in 51ms
 GET /socket.io?EIO=4&transport=polling&t=5f0globo 404 in 18ms
 GET /socket.io?EIO=4&transport=polling&t=5f539ck5 404 in 20ms
 GET /socket.io?EIO=4&transport=polling&t=5f9q25j4 404 in 41ms
 GET /socket.io?EIO=4&transport=polling&t=5fecluzi 404 in 7ms
 GET /socket.io?EIO=4&transport=polling&t=5fiz9q6c 404 in 44ms
 GET /socket.io?EIO=4&transport=polling&t=5fnlx2be 404 in 12ms
 GET /socket.io?EIO=4&transport=polling&t=5fs8l3wp 404 in 22ms
 GET /socket.io?EIO=4&transport=polling&t=5fwv9pkk 404 in 17ms
 GET /socket.io?EIO=4&transport=polling&t=5g1hwbyw 404 in 16ms
 GET /socket.io?EIO=4&transport=polling&t=5g64pxo9 404 in 93ms
 GET /socket.io?EIO=4&transport=polling&t=5gar8kad 404 in 10ms
 GET /socket.io?EIO=4&transport=polling&t=5gfdy5wu 404 in 36ms
 GET /socket.io?EIO=4&transport=polling&t=5gk0jzfk 404 in 17ms
 GET /socket.io?EIO=4&transport=polling&t=5gon7i29 404 in 12ms
 GET /socket.io?EIO=4&transport=polling&t=5gt9u8r9 404 in 9ms
 GET /socket.io?EIO=4&transport=polling&t=5gxwjyat 404 in 17ms
 GET /socket.io?EIO=4&transport=polling&t=5h2j7v7l 404 in 17ms
 GET /socket.io?EIO=4&transport=polling&t=5h75v3zl 404 in 19ms
 GET /socket.io?EIO=4&transport=polling&t=5hbsjtp1 404 in 15ms
 GET /socket.io?EIO=4&transport=polling&t=5hgfbndl 404 in 54ms
 GET /socket.io?EIO=4&transport=polling&t=5hl1vjsd 404 in 16ms
 GET /socket.io?EIO=4&transport=polling&t=5hpoi1fj 404 in 18ms
 GET /socket.io?EIO=4&transport=polling&t=5hub9vc1 404 in 17ms
 GET /socket.io?EIO=4&transport=polling&t=5hyxubzy 404 in 21ms
 GET /socket.io?EIO=4&transport=polling&t=5i3kkc70 404 in 32ms
 GET /socket.io?EIO=4&transport=polling&t=5i874uti 404 in 9ms
 GET /socket.io?EIO=4&transport=polling&t=5ictu7th 404 in 23ms
 GET /socket.io?EIO=4&transport=polling&t=5ihggr3o 404 in 18ms
 GET /socket.io?EIO=4&transport=polling&t=5im35qkf 404 in 14ms
 GET /socket.io?EIO=4&transport=polling&t=5iqpw8cw 404 in 55ms
 GET /socket.io?EIO=4&transport=polling&t=5ivcfsmq 404 in 11ms
 GET /socket.io?EIO=4&transport=polling&t=5izz7qlm 404 in 39ms
 GET /socket.io?EIO=4&transport=polling&t=5j4lrpq6 404 in 17ms
 GET /socket.io?EIO=4&transport=polling&t=5j98ijuh 404 in 22ms
 GET /socket.io?EIO=4&transport=polling&t=5jdv2dc5 404 in 19ms
 GET /socket.io?EIO=4&transport=polling&t=5jihsbha 404 in 22ms
 GET /socket.io?EIO=4&transport=polling&t=5jn50f1t 404 in 7ms
 GET /socket.io?EIO=4&transport=polling&t=5jrr3da1 404 in 17ms
 GET /socket.io?EIO=4&transport=polling&t=5jwdtkdq 404 in 55ms
 GET /socket.io?EIO=4&transport=polling&t=5k10ubd7 404 in 52ms
 GET /socket.io?EIO=4&transport=polling&t=5k5n6jxr 404 in 13ms
 GET /socket.io?EIO=4&transport=polling&t=5ka9xo0j 404 in 41ms
 GET /socket.io?EIO=4&transport=polling&t=5kewfejv 404 in 14ms
 GET /socket.io?EIO=4&transport=polling&t=5kjj3xp1 404 in 14ms
 GET /socket.io?EIO=4&transport=polling&t=5ko5qn06 404 in 18ms
 GET /socket.io?EIO=4&transport=polling&t=5kssepyt 404 in 18ms
 GET /socket.io?EIO=4&transport=polling&t=5kxf1z11 404 in 21ms
 GET /socket.io?EIO=4&transport=polling&t=5l21qszw 404 in 38ms
 GET /socket.io?EIO=4&transport=polling&t=5l6oc0b7 404 in 24ms
 GET /socket.io?EIO=4&transport=polling&t=5lbb5knq 404 in 54ms
 GET /socket.io?EIO=4&transport=polling&t=5lfxr8iq 404 in 16ms
 GET /socket.io?EIO=4&transport=polling&t=5lkkfy3e 404 in 40ms
 GET /socket.io?EIO=4&transport=polling&t=5lp70bum 404 in 12ms
 GET /socket.io?EIO=4&transport=polling&t=5lttq8xw 404 in 33ms
 GET /socket.io?EIO=4&transport=polling&t=5lygep48 404 in 17ms
 GET /socket.io?EIO=4&transport=polling&t=5m331sup 404 in 17ms
 GET /socket.io?EIO=4&transport=polling&t=5m7podyf 404 in 38ms
 GET /socket.io?EIO=4&transport=polling&t=5mcccbeu 404 in 12ms
 GET /socket.io?EIO=4&transport=polling&t=5mgyzgfs 404 in 16ms
 GET /socket.io?EIO=4&transport=polling&t=5mllpnah 404 in 31ms
 GET /socket.io?EIO=4&transport=polling&t=5mq8bvnb 404 in 22ms
 GET /socket.io?EIO=4&transport=polling&t=5muv19jh 404 in 36ms
 GET /socket.io?EIO=4&transport=polling&t=5mzhm4ht 404 in 21ms
 GET /socket.io?EIO=4&transport=polling&t=5n44b5sd 404 in 13ms
 GET /socket.io?EIO=4&transport=polling&t=5n8qy191 404 in 11ms
 GET /socket.io?EIO=4&transport=polling&t=5nddnhkb 404 in 18ms
 GET /socket.io?EIO=4&transport=polling&t=5ni0dy9a 404 in 24ms
 GET /socket.io?EIO=4&transport=polling&t=5nmn1m3a 404 in 16ms
 GET /socket.io?EIO=4&transport=polling&t=5nr9mm0n 404 in 12ms
 GET /socket.io?EIO=4&transport=polling&t=5nvwefzr 404 in 34ms
 GET /socket.io?EIO=4&transport=polling&t=5o0iy61t 404 in 18ms
 GET /socket.io?EIO=4&transport=polling&t=5o55mkcj 404 in 9ms
 GET /socket.io?EIO=4&transport=polling&t=5o9s8ggw 404 in 16ms
 GET /socket.io?EIO=4&transport=polling&t=5oeeybiy 404 in 30ms
 GET /socket.io?EIO=4&transport=polling&t=5oj1m6j1 404 in 18ms
 GET /socket.io?EIO=4&transport=polling&t=5onoc0bz 404 in 36ms
 GET /socket.io?EIO=4&transport=polling&t=5osax5bt 404 in 15ms
 GET /socket.io?EIO=4&transport=polling&t=5owxmb8b 404 in 21ms
 GET /socket.io?EIO=4&transport=polling&t=5p1k9cjy 404 in 24ms
 GET /socket.io?EIO=4&transport=polling&t=5p68ee06 404 in 21ms
 GET /socket.io?EIO=4&transport=polling&t=5pau1een 404 in 19ms
 GET /socket.io?EIO=4&transport=polling&t=5pfg9zon 404 in 18ms
 GET /socket.io?EIO=4&transport=polling&t=5pk2xm57 404 in 22ms
 GET /socket.io?EIO=4&transport=polling&t=5popk7c9 404 in 11ms
 GET /socket.io?EIO=4&transport=polling&t=5ptc7xpo 404 in 18ms
 GET /socket.io?EIO=4&transport=polling&t=5pxyz53v 404 in 43ms
 GET /socket.io?EIO=4&transport=polling&t=5q2lk8lh 404 in 18ms
 GET /socket.io?EIO=4&transport=polling&t=5q78930i 404 in 20ms
 GET /socket.io?EIO=4&transport=polling&t=5qbuv1d3 404 in 22ms
 GET /socket.io?EIO=4&transport=polling&t=5qghn0cj 404 in 56ms
 GET /socket.io?EIO=4&transport=polling&t=5ql45rrt 404 in 16ms
 GET /socket.io?EIO=4&transport=polling&t=5qpr69p4 404 in 51ms
 GET /socket.io?EIO=4&transport=polling&t=5qudik6w 404 in 19ms
 GET /socket.io?EIO=4&transport=polling&t=5qz06ph4 404 in 12ms
 GET /socket.io?EIO=4&transport=polling&t=5r3mvxi8 404 in 26ms
 GET /socket.io?EIO=4&transport=polling&t=5r89inse 404 in 22ms
 GET /socket.io?EIO=4&transport=polling&t=5rcw6yds 404 in 18ms
 GET /socket.io?EIO=4&transport=polling&t=5rhiv0i6 404 in 23ms
 GET /socket.io?EIO=4&transport=polling&t=5rm5hbhr 404 in 18ms
 GET /socket.io?EIO=4&transport=polling&t=5rqs971f 404 in 57ms
 GET /socket.io?EIO=4&transport=polling&t=5rvesgji 404 in 17ms
 GET /socket.io?EIO=4&transport=polling&t=5s01rf54 404 in 23ms
 GET /socket.io?EIO=4&transport=polling&t=5s4o3ygx 404 in 10ms
 GET /socket.io?EIO=4&transport=polling&t=5s9atdtr 404 in 47ms
 GET /socket.io?EIO=4&transport=polling&t=5sdxhrbn 404 in 20ms
 GET /socket.io?EIO=4&transport=polling&t=5sik77ha 404 in 46ms
 GET /socket.io?EIO=4&transport=polling&t=5sn6sgk1 404 in 20ms
 GET /socket.io?EIO=4&transport=polling&t=5srtg48a 404 in 16ms
 GET /socket.io?EIO=4&transport=polling&t=5swg8trd 404 in 32ms
 GET /socket.io?EIO=4&transport=polling&t=5t12yp2w 404 in 64ms
 GET /socket.io?EIO=4&transport=polling&t=5t5pgs3q 404 in 15ms
 GET /socket.io?EIO=4&transport=polling&t=5tac3j49 404 in 30ms
 GET /socket.io?EIO=4&transport=polling&t=5teyrn7r 404 in 10ms
 GET /socket.io?EIO=4&transport=polling&t=5tjle697 404 in 15ms
 GET /socket.io?EIO=4&transport=polling&t=5to83lm3 404 in 67ms
 GET /socket.io?EIO=4&transport=polling&t=5tsur1xz 404 in 17ms
 GET /socket.io?EIO=4&transport=polling&t=5txhgjkp 404 in 16ms
 GET /socket.io?EIO=4&transport=polling&t=5u243gb4 404 in 16ms
 GET /socket.io?EIO=4&transport=polling&t=5u6qrgjw 404 in 21ms
 GET /socket.io?EIO=4&transport=polling&t=5ubduoco 404 in 15ms
 GET /socket.io?EIO=4&transport=polling&t=5ug02fiw 404 in 19ms
 GET /socket.io?EIO=4&transport=polling&t=5ukmq1x3 404 in 27ms
 GET /socket.io?EIO=4&transport=polling&t=5up9dwgj 404 in 13ms
 GET /socket.io?EIO=4&transport=polling&t=5utw2vmt 404 in 14ms
 GET /socket.io?EIO=4&transport=polling&t=5uyipl5v 404 in 24ms
 GET /socket.io?EIO=4&transport=polling&t=5v35engc 404 in 40ms
 GET /socket.io?EIO=4&transport=polling&t=5v7s04vu 404 in 18ms
 GET /socket.io?EIO=4&transport=polling&t=5vceo9c9 404 in 21ms
 GET /socket.io?EIO=4&transport=polling&t=5vh1d148 404 in 30ms
 GET /socket.io?EIO=4&transport=polling&t=5vloakmg 404 in 56ms
 GET /socket.io?EIO=4&transport=polling&t=5vqatw15 404 in 30ms
 GET /socket.io?EIO=4&transport=polling&t=5vuxch3c 404 in 16ms
 GET /socket.io?EIO=4&transport=polling&t=5vzjzn4w 404 in 16ms
 GET /socket.io?EIO=4&transport=polling&t=5w46m3nd 404 in 18ms
 GET /socket.io?EIO=4&transport=polling&t=5w8tcwjz 404 in 18ms
 GET /socket.io?EIO=4&transport=polling&t=5wdg08lw 404 in 21ms
 GET /socket.io?EIO=4&transport=polling&t=5wi2nieg 404 in 16ms
 GET /socket.io?EIO=4&transport=polling&t=5wmpaqyc 404 in 19ms
 GET /socket.io?EIO=4&transport=polling&t=5wrbz4n8 404 in 17ms
 GET /socket.io?EIO=4&transport=polling&t=5wvyp5zl 404 in 63ms
 GET /socket.io?EIO=4&transport=polling&t=5x0lbd0k 404 in 20ms
 GET /socket.io?EIO=4&transport=polling&t=5x580jdt 404 in 31ms
 GET /socket.io?EIO=4&transport=polling&t=5x9um0aq 404 in 18ms
 GET /socket.io?EIO=4&transport=polling&t=5xeh9fcg 404 in 12ms
 GET /socket.io?EIO=4&transport=polling&t=5xj42psa 404 in 27ms
 GET /socket.io?EIO=4&transport=polling&t=5xnuhk3n 404 in 11ms
 GET /socket.io?EIO=4&transport=polling&t=5xsddl31 404 in 32ms
 GET /socket.io?EIO=4&transport=polling&t=5xwzwflq 404 in 27ms
 GET /socket.io?EIO=4&transport=polling&t=5y1mmb08 404 in 19ms
 GET /socket.io?EIO=4&transport=polling&t=5y69b9s0 404 in 40ms
 GET /socket.io?EIO=4&transport=polling&t=5yaw5kg9 404 in 28ms
 GET /socket.io?EIO=4&transport=polling&t=5yfim5p6 404 in 19ms
 GET /socket.io?EIO=4&transport=polling&t=5yk5cmtl 404 in 113ms
 GET /socket.io?EIO=4&transport=polling&t=5yorwf4z 404 in 11ms
 GET /socket.io?EIO=4&transport=polling&t=5ytf5a4w 404 in 66ms
 GET /socket.io?EIO=4&transport=polling&t=5yy1q4ma 404 in 11ms
 GET /socket.io?EIO=4&transport=polling&t=5z2ntcvv 404 in 42ms
 GET /socket.io?EIO=4&transport=polling&t=5z7aawch 404 in 20ms
 GET /socket.io?EIO=4&transport=polling&t=5zbwtqxb 404 in 19ms
 GET /socket.io?EIO=4&transport=polling&t=5zgjl8co 404 in 55ms
 GET /socket.io?EIO=4&transport=polling&t=5zl6lmd9 404 in 49ms
 GET /socket.io?EIO=4&transport=polling&t=5zpsk1w2 404 in 14ms
 GET /socket.io?EIO=4&transport=polling&t=5zufcezs 404 in 19ms
 GET /socket.io?EIO=4&transport=polling&t=5zz1uboo 404 in 10ms
 GET /socket.io?EIO=4&transport=polling&t=603okctq 404 in 21ms
 GET /socket.io?EIO=4&transport=polling&t=608b6hdi 404 in 18ms
 GET /socket.io?EIO=4&transport=polling&t=60cxs7lo 404 in 24ms
 GET /socket.io?EIO=4&transport=polling&t=60hklo2v 404 in 54ms
 GET /socket.io?EIO=4&transport=polling&t=60m75xzj 404 in 20ms
 GET /socket.io?EIO=4&transport=polling&t=60que0n8 404 in 51ms
 GET /socket.io?EIO=4&transport=polling&t=60vgfi30 404 in 72ms
 GET /socket.io?EIO=4&transport=polling&t=61034w1k 404 in 25ms
 GET /socket.io?EIO=4&transport=polling&t=614psg6b 404 in 20ms
 GET /socket.io?EIO=4&transport=polling&t=619ceykq 404 in 8ms
 GET /socket.io?EIO=4&transport=polling&t=61dz4rex 404 in 25ms
 GET /socket.io?EIO=4&transport=polling&t=61ilrhrw 404 in 10ms
 GET /socket.io?EIO=4&transport=polling&t=61n8idv9 404 in 26ms
 GET /socket.io?EIO=4&transport=polling&t=61rv2q0i 404 in 21ms
 GET /socket.io?EIO=4&transport=polling&t=61whwpgp 404 in 44ms
 GET /socket.io?EIO=4&transport=polling&t=6214rkbb 404 in 43ms
 GET /socket.io?EIO=4&transport=polling&t=625r3qu5 404 in 15ms
 GET /socket.io?EIO=4&transport=polling&t=62adqp0f 404 in 44ms
 GET /socket.io?EIO=4&transport=polling&t=62f0ftue 404 in 20ms
 GET /socket.io?EIO=4&transport=polling&t=62jn14yh 404 in 15ms
 GET /socket.io?EIO=4&transport=polling&t=62o9pkil 404 in 17ms
 GET /socket.io?EIO=4&transport=polling&t=62sxxr4i 404 in 48ms
 GET /socket.io?EIO=4&transport=polling&t=62xj1nbb 404 in 23ms
 GET /socket.io?EIO=4&transport=polling&t=6325pujs 404 in 19ms
 GET /socket.io?EIO=4&transport=polling&t=636sdwpa 404 in 22ms
 GET /socket.io?EIO=4&transport=polling&t=63bfv211 404 in 45ms
 GET /socket.io?EIO=4&transport=polling&t=63g1oebg 404 in 19ms
 GET /socket.io?EIO=4&transport=polling&t=63kod16l 404 in 37ms
 GET /socket.io?EIO=4&transport=polling&t=63pb0bqd 404 in 20ms
 GET /socket.io?EIO=4&transport=polling&t=63txohdp 404 in 11ms
 GET /socket.io?EIO=4&transport=polling&t=63ykbbfn 404 in 24ms
 GET /socket.io?EIO=4&transport=polling&t=64372l3z 404 in 14ms
 GET /socket.io?EIO=4&transport=polling&t=647tm94n 404 in 19ms
 GET /socket.io?EIO=4&transport=polling&t=64cgdwo4 404 in 42ms
 GET /socket.io?EIO=4&transport=polling&t=64h2z134 404 in 16ms
 GET /socket.io?EIO=4&transport=polling&t=64lpod4f 404 in 56ms
 GET /socket.io?EIO=4&transport=polling&t=64qcc84b 404 in 11ms
 GET /socket.io?EIO=4&transport=polling&t=64uz4r2b 404 in 28ms
 GET /socket.io?EIO=4&transport=polling&t=64zlm2mu 404 in 17ms
 GET /socket.io?EIO=4&transport=polling&t=65489n03 404 in 13ms
 GET /socket.io?EIO=4&transport=polling&t=658uywi1 404 in 19ms
 GET /socket.io?EIO=4&transport=polling&t=65dhl7wu 404 in 24ms
 GET /socket.io?EIO=4&transport=polling&t=65i49m1y 404 in 18ms
 GET /socket.io?EIO=4&transport=polling&t=65mqv7vg 404 in 17ms
 GET /socket.io?EIO=4&transport=polling&t=65rdl5be 404 in 30ms
 GET /socket.io?EIO=4&transport=polling&t=65w0bc3g 404 in 29ms
 GET /socket.io?EIO=4&transport=polling&t=660mwccs 404 in 17ms
 GET /socket.io?EIO=4&transport=polling&t=6659ovwv 404 in 39ms
 GET /socket.io?EIO=4&transport=polling&t=669w835v 404 in 19ms
 GET /socket.io?EIO=4&transport=polling&t=66eixkgo 404 in 36ms
 GET /socket.io?EIO=4&transport=polling&t=66j5incs 404 in 22ms
 GET /socket.io?EIO=4&transport=polling&t=66nsapu0 404 in 55ms
 GET /socket.io?EIO=4&transport=polling&t=66sew5hs 404 in 18ms
 GET /socket.io?EIO=4&transport=polling&t=66x1l4hf 404 in 41ms
 GET /socket.io?EIO=4&transport=polling&t=671o58w9 404 in 15ms
 GET /socket.io?EIO=4&transport=polling&t=676azq1h 404 in 68ms
 GET /socket.io?EIO=4&transport=polling&t=67axl8he 404 in 27ms
 GET /socket.io?EIO=4&transport=polling&t=67fk5shh 404 in 20ms
 GET /socket.io?EIO=4&transport=polling&t=67k6xx4o 404 in 13ms
 GET /socket.io?EIO=4&transport=polling&t=67othy78 404 in 12ms
 GET /socket.io?EIO=4&transport=polling&t=67tg7eoa 404 in 20ms
 GET /socket.io?EIO=4&transport=polling&t=67y2r984 404 in 23ms
 GET /socket.io?EIO=4&transport=polling&t=682pk98z 404 in 61ms
 GET /socket.io?EIO=4&transport=polling&t=687c4cpk 404 in 16ms
 GET /socket.io?EIO=4&transport=polling&t=68bysbts 404 in 22ms
 GET /socket.io?EIO=4&transport=polling&t=68gmb8h7 404 in 38ms
 GET /socket.io?EIO=4&transport=polling&t=68l84vbu 404 in 24ms
 GET /socket.io?EIO=4&transport=polling&t=68pv8hv2 404 in 9ms
 GET /socket.io?EIO=4&transport=polling&t=68uhihmq 404 in 31ms
 GET /socket.io?EIO=4&transport=polling&t=68z43v5g 404 in 17ms
 GET /socket.io?EIO=4&transport=polling&t=693qq8h2 404 in 16ms
 GET /socket.io?EIO=4&transport=polling&t=698dhf9j 404 in 22ms
 GET /socket.io?EIO=4&transport=polling&t=69d04m4b 404 in 10ms
 GET /socket.io?EIO=4&transport=polling&t=69hmq6xf 404 in 47ms
 GET /socket.io?EIO=4&transport=polling&t=69m9fgfq 404 in 19ms
 GET /socket.io?EIO=4&transport=polling&t=69qwev9h 404 in 49ms
 GET /socket.io?EIO=4&transport=polling&t=69visxpj 404 in 31ms
 GET /socket.io?EIO=4&transport=polling&t=6a05dfj8 404 in 11ms
 GET /socket.io?EIO=4&transport=polling&t=6a4s5xai 404 in 44ms
 GET /socket.io?EIO=4&transport=polling&t=6a9epqfy 404 in 11ms
 GET /socket.io?EIO=4&transport=polling&t=6ae1d8k1 404 in 15ms
 GET /socket.io?EIO=4&transport=polling&t=6aio0mi0 404 in 12ms
 GET /socket.io?EIO=4&transport=polling&t=6anatbqc 404 in 55ms
 GET /socket.io?EIO=4&transport=polling&t=6arxco8p 404 in 19ms
 GET /socket.io?EIO=4&transport=polling&t=6awk2505 404 in 41ms
 GET /socket.io?EIO=4&transport=polling&t=6b16qhm8 404 in 57ms
 GET /socket.io?EIO=4&transport=polling&t=6b5tb1ik 404 in 16ms
 GET /socket.io?EIO=4&transport=polling&t=6bag3cit 404 in 32ms
 GET /socket.io?EIO=4&transport=polling&t=6bf2ms6j 404 in 11ms
 GET /socket.io?EIO=4&transport=polling&t=6bjpbon7 404 in 12ms
 GET /socket.io?EIO=4&transport=polling&t=6boc6sv3 404 in 16ms
 GET /socket.io?EIO=4&transport=polling&t=6bsylgcg 404 in 16ms
 GET /socket.io?EIO=4&transport=polling&t=6bxlaybk 404 in 43ms
 GET /socket.io?EIO=4&transport=polling&t=6c2889eo 404 in 31ms
 GET /socket.io?EIO=4&transport=polling&t=6c6undoo 404 in 24ms
 GET /socket.io?EIO=4&transport=polling&t=6cbi290x 404 in 47ms
 GET /socket.io?EIO=4&transport=polling&t=6cg3wtiv 404 in 18ms
 GET /socket.io?EIO=4&transport=polling&t=6ckqoexi 404 in 31ms
 GET /socket.io?EIO=4&transport=polling&t=6cpdbxe7 404 in 43ms
 GET /socket.io?EIO=4&transport=polling&t=6cu0eeae 404 in 6ms
 GET /socket.io?EIO=4&transport=polling&t=6cymmo9r 404 in 57ms
 GET /socket.io?EIO=4&transport=polling&t=6d3997fn 404 in 18ms
 GET /socket.io?EIO=4&transport=polling&t=6d7vyc0f 404 in 41ms
 GET /socket.io?EIO=4&transport=polling&t=6dcijadx 404 in 19ms
 GET /socket.io?EIO=4&transport=polling&t=6dh58138 404 in 8ms
 GET /socket.io?EIO=4&transport=polling&t=6dlrxid2 404 in 44ms
 GET /socket.io?EIO=4&transport=polling&t=6dqem16o 404 in 22ms
 GET /socket.io?EIO=4&transport=polling&t=6dv16psz 404 in 18ms
 GET /socket.io?EIO=4&transport=polling&t=6dznx4fm 404 in 23ms
 GET /socket.io?EIO=4&transport=polling&t=6e4aiy0d 404 in 6ms
 GET /socket.io?EIO=4&transport=polling&t=6e8x6h7y 404 in 12ms
 GET /socket.io?EIO=4&transport=polling&t=6edju0jm 404 in 45ms
 GET /socket.io?EIO=4&transport=polling&t=6ei6ip7t 404 in 28ms
 GET /socket.io?EIO=4&transport=polling&t=6emt8klj 404 in 55ms
 GET /socket.io?EIO=4&transport=polling&t=6erfunaz 404 in 18ms
 GET /socket.io?EIO=4&transport=polling&t=6ew33b5h 404 in 44ms
 GET /socket.io?EIO=4&transport=polling&t=6f0p6swo 404 in 10ms
 GET /socket.io?EIO=4&transport=polling&t=6f5bsp8j 404 in 47ms
 GET /socket.io?EIO=4&transport=polling&t=6f9yho2t 404 in 19ms
 GET /socket.io?EIO=4&transport=polling&t=6fel49l7 404 in 8ms
 GET /socket.io?EIO=4&transport=polling&t=6fj7tjh6 404 in 53ms
 GET /socket.io?EIO=4&transport=polling&t=6fnuibve 404 in 35ms
 GET /socket.io?EIO=4&transport=polling&t=6fsh4dgm 404 in 17ms
 GET /socket.io?EIO=4&transport=polling&t=6fx3r046 404 in 17ms
 GET /socket.io?EIO=4&transport=polling&t=6g1qervi 404 in 22ms
 GET /socket.io?EIO=4&transport=polling&t=6g6d5rse 404 in 37ms
 GET /socket.io?EIO=4&transport=polling&t=6gazq0fm 404 in 17ms
 GET /socket.io?EIO=4&transport=polling&t=6gfmhzv7 404 in 48ms
 GET /socket.io?EIO=4&transport=polling&t=6gk92o3r 404 in 17ms
 GET /socket.io?EIO=4&transport=polling&t=6govqj6o 404 in 11ms
 GET /socket.io?EIO=4&transport=polling&t=6gtigf2x 404 in 23ms
 GET /socket.io?EIO=4&transport=polling&t=6gy51hjr 404 in 17ms
 GET /socket.io?EIO=4&transport=polling&t=6h2rp1nx 404 in 29ms
 GET /socket.io?EIO=4&transport=polling&t=6h7eeths 404 in 38ms
 GET /socket.io?EIO=4&transport=polling&t=6hc1013v 404 in 19ms
 GET /socket.io?EIO=4&transport=polling&t=6hgnrkor 404 in 68ms
 GET /socket.io?EIO=4&transport=polling&t=6hladf5u 404 in 17ms
 GET /socket.io?EIO=4&transport=polling&t=6hpx4nji 404 in 32ms
 GET /socket.io?EIO=4&transport=polling&t=6hujo1xy 404 in 17ms
 GET /socket.io?EIO=4&transport=polling&t=6hz6fkkk 404 in 42ms
 GET /socket.io?EIO=4&transport=polling&t=6i3t08n8 404 in 17ms
 GET /socket.io?EIO=4&transport=polling&t=6i8fpf9s 404 in 44ms
 GET /socket.io?EIO=4&transport=polling&t=6id2b7s9 404 in 18ms
 GET /socket.io?EIO=4&transport=polling&t=6ihoznr6 404 in 18ms
 GET /socket.io?EIO=4&transport=polling&t=6imbojlh 404 in 38ms
 GET /socket.io?EIO=4&transport=polling&t=6iqyd1y0 404 in 53ms
 GET /socket.io?EIO=4&transport=polling&t=6ivky6d3 404 in 17ms
 GET /socket.io?EIO=4&transport=polling&t=6j07p0d0 404 in 42ms
 GET /socket.io?EIO=4&transport=polling&t=6j4uaz2h 404 in 24ms
 GET /socket.io?EIO=4&transport=polling&t=6j9gzrfx 404 in 18ms
 GET /socket.io?EIO=4&transport=polling&t=6je3lnup 404 in 17ms
 GET /socket.io?EIO=4&transport=polling&t=6jiquff5 404 in 10ms
 GET /socket.io?EIO=4&transport=polling&t=6jncxcms 404 in 17ms
 GET /socket.io?EIO=4&transport=polling&t=6jrznuoe 404 in 46ms
 GET /socket.io?EIO=4&transport=polling&t=6jwm8jxy 404 in 12ms
 GET /socket.io?EIO=4&transport=polling&t=6k190905 404 in 55ms
 GET /socket.io?EIO=4&transport=polling&t=6k5vn1my 404 in 40ms
 GET /socket.io?EIO=4&transport=polling&t=6kai8fgi 404 in 18ms
 GET /socket.io?EIO=4&transport=polling&t=6kf4zlb8 404 in 26ms
 GET /socket.io?EIO=4&transport=polling&t=6kjrkcuy 404 in 12ms
 GET /socket.io?EIO=4&transport=polling&t=6koeavpr 404 in 43ms
 GET /socket.io?EIO=4&transport=polling&t=6kt0wzqh 404 in 8ms
 GET /socket.io?EIO=4&transport=polling&t=6kxnmdxp 404 in 46ms
 GET /socket.io?EIO=4&transport=polling&t=6l2a784e 404 in 13ms
 GET /socket.io?EIO=4&transport=polling&t=6l6wtm0b 404 in 11ms
 GET /socket.io?EIO=4&transport=polling&t=6lbjmu56 404 in 81ms
 GET /socket.io?EIO=4&transport=polling&t=6lg6739l 404 in 13ms
 GET /socket.io?EIO=4&transport=polling&t=6lksupcp 404 in 10ms
 GET /socket.io?EIO=4&transport=polling&t=6lpfjthr 404 in 22ms
 GET /socket.io?EIO=4&transport=polling&t=6lu24xl0 404 in 10ms
 GET /socket.io?EIO=4&transport=polling&t=6lyowrd6 404 in 20ms
 GET /socket.io?EIO=4&transport=polling&t=6m3bip34 404 in 23ms
 GET /socket.io?EIO=4&transport=polling&t=6m7y4azu 404 in 40ms
 GET /socket.io?EIO=4&transport=polling&t=6mckueuk 404 in 30ms
 GET /socket.io?EIO=4&transport=polling&t=6mh7h612 404 in 13ms
 GET /socket.io?EIO=4&transport=polling&t=6mlu7m7t 404 in 36ms
 GET /socket.io?EIO=4&transport=polling&t=6mqgsfh4 404 in 24ms
 GET /socket.io?EIO=4&transport=polling&t=6mv3jn4m 404 in 46ms
 GET /socket.io?EIO=4&transport=polling&t=6mzq440d 404 in 17ms
 GET /socket.io?EIO=4&transport=polling&t=6n4crsyw 404 in 11ms
 GET /socket.io?EIO=4&transport=polling&t=6n8zjo14 404 in 57ms
 GET /socket.io?EIO=4&transport=polling&t=6ndm3uzb 404 in 17ms
 GET /socket.io?EIO=4&transport=polling&t=6ni8soho 404 in 17ms
 GET /socket.io?EIO=4&transport=polling&t=6nmvki25 404 in 21ms
 GET /socket.io?EIO=4&transport=polling&t=6nri24sj 404 in 17ms
 GET /socket.io?EIO=4&transport=polling&t=6nw4u5od 404 in 43ms
 GET /socket.io?EIO=4&transport=polling&t=6o0re9v2 404 in 20ms
 GET /socket.io?EIO=4&transport=polling&t=6o5eros2 404 in 39ms
 GET /socket.io?EIO=4&transport=polling&t=6oa0q2wc 404 in 18ms
 GET /socket.io?EIO=4&transport=polling&t=6oene3zk 404 in 27ms
 GET /socket.io?EIO=4&transport=polling&t=6oja0wt7 404 in 19ms
 GET /socket.io?EIO=4&transport=polling&t=6onwqqqy 404 in 24ms
 GET /socket.io?EIO=4&transport=polling&t=6osjcnfl 404 in 16ms
 GET /socket.io?EIO=4&transport=polling&t=6ox60n20 404 in 78ms
 GET /socket.io?EIO=4&transport=polling&t=6p1so964 404 in 14ms
 GET /socket.io?EIO=4&transport=polling&t=6p6ffa32 404 in 57ms
 GET /socket.io?EIO=4&transport=polling&t=6pb20o2e 404 in 17ms
 GET /socket.io?EIO=4&transport=polling&t=6pfpdb9l 404 in 42ms
 GET /socket.io?EIO=4&transport=polling&t=6pkbc69w 404 in 19ms
 GET /socket.io?EIO=4&transport=polling&t=6poxz78s 404 in 11ms
 GET /socket.io?EIO=4&transport=polling&t=6ptkowzs 404 in 22ms
 GET /socket.io?EIO=4&transport=polling&t=6py7bwwp 404 in 17ms
 GET /socket.io?EIO=4&transport=polling&t=6q2ujo2r 404 in 52ms
 GET /socket.io?EIO=4&transport=polling&t=6q7gnhng 404 in 12ms
 GET /socket.io?EIO=4&transport=polling&t=6qc3b5se 404 in 16ms
 GET /socket.io?EIO=4&transport=polling&t=6qgq1p3j 404 in 57ms
 GET /socket.io?EIO=4&transport=polling&t=6qlcljbt 404 in 22ms
 GET /socket.io?EIO=4&transport=polling&t=6qpz9u3u 404 in 17ms
 GET /socket.io?EIO=4&transport=polling&t=6quly09l 404 in 52ms
 GET /socket.io?EIO=4&transport=polling&t=6qz8ksdr 404 in 11ms
 GET /socket.io?EIO=4&transport=polling&t=6r3valwq 404 in 44ms
 GET /socket.io?EIO=4&transport=polling&t=6r8i0e1j 404 in 48ms
 GET /socket.io?EIO=4&transport=polling&t=6rd4k6hl 404 in 20ms
 GET /socket.io?EIO=4&transport=polling&t=6rhrai8v 404 in 31ms
 GET /socket.io?EIO=4&transport=polling&t=6rmdw85b 404 in 11ms
 GET /socket.io?EIO=4&transport=polling&t=6rr0lzr6 404 in 50ms
 GET /socket.io?EIO=4&transport=polling&t=6rvn8ezr 404 in 22ms
 GET /socket.io?EIO=4&transport=polling&t=6s09xfef 404 in 20ms
 GET /socket.io?EIO=4&transport=polling&t=6s4wnpns 404 in 41ms
 GET /socket.io?EIO=4&transport=polling&t=6s9j67ja 404 in 11ms
 GET /socket.io?EIO=4&transport=polling&t=6se5wwip 404 in 39ms
 GET /socket.io?EIO=4&transport=polling&t=6sisjobf 404 in 21ms
 GET /socket.io?EIO=4&transport=polling&t=6snf6zmp 404 in 24ms
 GET /socket.io?EIO=4&transport=polling&t=6ss1ug20 404 in 78ms
 GET /socket.io?EIO=4&transport=polling&t=6swoiqyq 404 in 14ms
 GET /socket.io?EIO=4&transport=polling&t=6t1bxm10 404 in 66ms
 GET /socket.io?EIO=4&transport=polling&t=6t5xtoia 404 in 15ms
 GET /socket.io?EIO=4&transport=polling&t=6takncfg 404 in 38ms
 GET /socket.io?EIO=4&transport=polling&t=6tf759bn 404 in 33ms
 GET /socket.io?EIO=4&transport=polling&t=6tjttz4x 404 in 43ms
 GET /socket.io?EIO=4&transport=polling&t=6togi920 404 in 25ms
 GET /socket.io?EIO=4&transport=polling&t=6tt35q9n 404 in 22ms
 GET /socket.io?EIO=4&transport=polling&t=6txpuhig 404 in 20ms
 GET /socket.io?EIO=4&transport=polling&t=6u2cixt2 404 in 22ms
 GET /socket.io?EIO=4&transport=polling&t=6u6z3qfs 404 in 15ms
 GET /socket.io?EIO=4&transport=polling&t=6ubmes2l 404 in 91ms
 GET /socket.io?EIO=4&transport=polling&t=6ug8grnr 404 in 23ms
 GET /socket.io?EIO=4&transport=polling&t=6ukvsb7w 404 in 50ms
 GET /socket.io?EIO=4&transport=polling&t=6uphrdel 404 in 19ms
 GET /socket.io?EIO=4&transport=polling&t=6uu4gzal 404 in 20ms
 GET /socket.io?EIO=4&transport=polling&t=6uyr3hgv 404 in 20ms
 GET /socket.io?EIO=4&transport=polling&t=6v3dt07b 404 in 27ms
 GET /socket.io?EIO=4&transport=polling&t=6v80er7r 404 in 17ms
 GET /socket.io?EIO=4&transport=polling&t=6vcn1vll 404 in 21ms
 GET /socket.io?EIO=4&transport=polling&t=6vh9tp93 404 in 54ms
 GET /socket.io?EIO=4&transport=polling&t=6vlxg1rk 404 in 23ms
 GET /socket.io?EIO=4&transport=polling&t=6vqj12k3 404 in 10ms
 GET /socket.io?EIO=4&transport=polling&t=6vv5re49 404 in 30ms
 GET /socket.io?EIO=4&transport=polling&t=6vzseizq 404 in 26ms
 GET /socket.io?EIO=4&transport=polling&t=6w4f1hy8 404 in 28ms
 GET /socket.io?EIO=4&transport=polling&t=6w91twjj 404 in 55ms
 GET /socket.io?EIO=4&transport=polling&t=6wdodpa3 404 in 18ms
 GET /socket.io?EIO=4&transport=polling&t=6wib4i7m 404 in 80ms
 GET /socket.io?EIO=4&transport=polling&t=6wmxpy4g 404 in 18ms
 GET /socket.io?EIO=4&transport=polling&t=6wrkcekr 404 in 55ms
 GET /socket.io?EIO=4&transport=polling&t=6ww72zzn 404 in 20ms
 GET /socket.io?EIO=4&transport=polling&t=6x0tnrdr 404 in 16ms
 GET /socket.io?EIO=4&transport=polling&t=6x5gb2cy 404 in 14ms
 GET /socket.io?EIO=4&transport=polling&t=6xa2zi1q 404 in 22ms
 GET /socket.io?EIO=4&transport=polling&t=6xepmtiv 404 in 14ms
 GET /socket.io?EIO=4&transport=polling&t=6xjcqj7k 404 in 19ms
 GET /socket.io?EIO=4&transport=polling&t=6xnyx5tt 404 in 35ms
 GET /socket.io?EIO=4&transport=polling&t=6xslnhsz 404 in 25ms
 GET /socket.io?EIO=4&transport=polling&t=6xx891zz 404 in 19ms
 GET /socket.io?EIO=4&transport=polling&t=6y1uyet5 404 in 20ms
 GET /socket.io?EIO=4&transport=polling&t=6y6hrwwy 404 in 49ms
 GET /socket.io?EIO=4&transport=polling&t=6yb4ch1x 404 in 15ms
 GET /socket.io?EIO=4&transport=polling&t=6yfqwtbd 404 in 23ms
 GET /socket.io?EIO=4&transport=polling&t=6ykdog36 404 in 56ms
 GET /socket.io?EIO=4&transport=polling&t=6yp08h4y 404 in 16ms
 GET /socket.io?EIO=4&transport=polling&t=6ytmxyr8 404 in 21ms
 GET /socket.io?EIO=4&transport=polling&t=6yy9ksyz 404 in 20ms
 GET /socket.io?EIO=4&transport=polling&t=6z2w99b8 404 in 21ms
 GET /socket.io?EIO=4&transport=polling&t=6z7ivt0l 404 in 15ms
 GET /socket.io?EIO=4&transport=polling&t=6zc5oaes 404 in 19ms
 GET /socket.io?EIO=4&transport=polling&t=6zgsjamx 404 in 27ms
 GET /socket.io?EIO=4&transport=polling&t=6zlewx2p 404 in 23ms
 GET /socket.io?EIO=4&transport=polling&t=6zq1j489 404 in 20ms
 GET /socket.io?EIO=4&transport=polling&t=6zuomhlr 404 in 51ms
 GET /socket.io?EIO=4&transport=polling&t=6zzaut5u 404 in 12ms
 GET /socket.io?EIO=4&transport=polling&t=703xi23r 404 in 16ms
 GET /socket.io?EIO=4&transport=polling&t=708k7u4u 404 in 22ms
 GET /socket.io?EIO=4&transport=polling&t=70d6uaw9 404 in 12ms
 GET /socket.io?EIO=4&transport=polling&t=70htj3jo 404 in 22ms
 GET /socket.io?EIO=4&transport=polling&t=70mg66jv 404 in 18ms
 GET /socket.io?EIO=4&transport=polling&t=70r2uj3l 404 in 54ms
 GET /socket.io?EIO=4&transport=polling&t=70vphve2 404 in 19ms
 GET /socket.io?EIO=4&transport=polling&t=710c5kq0 404 in 24ms
 GET /socket.io?EIO=4&transport=polling&t=714yp325 404 in 24ms
 GET /socket.io?EIO=4&transport=polling&t=719lazrf 404 in 42ms
 GET /socket.io?EIO=4&transport=polling&t=71e7zp2e 404 in 27ms
 GET /socket.io?EIO=4&transport=polling&t=71iumkua 404 in 51ms
 GET /socket.io?EIO=4&transport=polling&t=71nh6q11 404 in 16ms
 GET /socket.io?EIO=4&transport=polling&t=71s3ue61 404 in 23ms
 GET /socket.io?EIO=4&transport=polling&t=71wqr3fp 404 in 43ms
 GET /socket.io?EIO=4&transport=polling&t=721d96op 404 in 45ms
 GET /socket.io?EIO=4&transport=polling&t=725zupu6 404 in 24ms
 GET /socket.io?EIO=4&transport=polling&t=72amgfik 404 in 10ms
 GET /socket.io?EIO=4&transport=polling&t=72f94cok 404 in 19ms
 GET /socket.io?EIO=4&transport=polling&t=72jvs02i 404 in 15ms
 GET /socket.io?EIO=4&transport=polling&t=72oihp92 404 in 40ms
 GET /socket.io?EIO=4&transport=polling&t=72t532uf 404 in 19ms
 GET /socket.io?EIO=4&transport=polling&t=72xrsoj1 404 in 16ms
 GET /socket.io?EIO=4&transport=polling&t=732ef1vk 404 in 18ms
 GET /socket.io?EIO=4&transport=polling&t=73713v8a 404 in 21ms
 GET /socket.io?EIO=4&transport=polling&t=73bo0b35 404 in 57ms
 GET /socket.io?EIO=4&transport=polling&t=73gahpo6 404 in 53ms
 GET /socket.io?EIO=4&transport=polling&t=73kx1i27 404 in 16ms
 GET /socket.io?EIO=4&transport=polling&t=73pjq747 404 in 12ms
 GET /socket.io?EIO=4&transport=polling&t=73u6b9xl 404 in 12ms
 GET /socket.io?EIO=4&transport=polling&t=73yt2h13 404 in 16ms
 GET /socket.io?EIO=4&transport=polling&t=743fpw2i 404 in 24ms
 GET /socket.io?EIO=4&transport=polling&t=7482d7vn 404 in 23ms
 GET /socket.io?EIO=4&transport=polling&t=74coyjqx 404 in 14ms
 GET /socket.io?EIO=4&transport=polling&t=74hbmqds 404 in 15ms
 GET /socket.io?EIO=4&transport=polling&t=74lydikm 404 in 40ms
 GET /socket.io?EIO=4&transport=polling&t=74ql0ckf 404 in 21ms
 GET /socket.io?EIO=4&transport=polling&t=74v7nz6f 404 in 18ms
 GET /socket.io?EIO=4&transport=polling&t=74zubkjv 404 in 15ms
 GET /socket.io?EIO=4&transport=polling&t=754gyj9m 404 in 11ms
 GET /socket.io?EIO=4&transport=polling&t=7593nb13 404 in 15ms
 GET /socket.io?EIO=4&transport=polling&t=75dqcmpr 404 in 52ms
 GET /socket.io?EIO=4&transport=polling&t=75icxn2f 404 in 16ms
 GET /socket.io?EIO=4&transport=polling&t=75mzmhno 404 in 20ms
 GET /socket.io?EIO=4&transport=polling&t=75rmclxn 404 in 43ms
 GET /socket.io?EIO=4&transport=polling&t=75w907dq 404 in 56ms
 GET /socket.io?EIO=4&transport=polling&t=760vluaq 404 in 21ms
 GET /socket.io?EIO=4&transport=polling&t=765i9y2m 404 in 27ms
 GET /socket.io?EIO=4&transport=polling&t=76a4wyfy 404 in 19ms
 GET /socket.io?EIO=4&transport=polling&t=76erlx8s 404 in 9ms
 GET /socket.io?EIO=4&transport=polling&t=76je8f10 404 in 27ms
 GET /socket.io?EIO=4&transport=polling&t=76o0yujk 404 in 21ms
 GET /socket.io?EIO=4&transport=polling&t=76snnwei 404 in 49ms
 GET /socket.io?EIO=4&transport=polling&t=76xa8l2l 404 in 40ms
 GET /socket.io?EIO=4&transport=polling&t=771wvoz8 404 in 22ms
 GET /socket.io?EIO=4&transport=polling&t=776jl6h0 404 in 67ms
 GET /socket.io?EIO=4&transport=polling&t=77b688qr 404 in 49ms
 GET /socket.io?EIO=4&transport=polling&t=77fswqid 404 in 18ms
 GET /socket.io?EIO=4&transport=polling&t=77kfko23 404 in 37ms
 GET /socket.io?EIO=4&transport=polling&t=77p270ab 404 in 39ms
 GET /socket.io?EIO=4&transport=polling&t=77toujv8 404 in 13ms
 GET /socket.io?EIO=4&transport=polling&t=77ybh7nm 404 in 22ms
 GET /socket.io?EIO=4&transport=polling&t=782y3t3m 404 in 10ms
 GET /socket.io?EIO=4&transport=polling&t=787ksyhf 404 in 12ms
 GET /socket.io?EIO=4&transport=polling&t=78c7gswn 404 in 14ms
 GET /socket.io?EIO=4&transport=polling&t=78gu5pag 404 in 65ms
 GET /socket.io?EIO=4&transport=polling&t=78lgsadt 404 in 19ms
 GET /socket.io?EIO=4&transport=polling&t=78q3fpwz 404 in 18ms
 GET /socket.io?EIO=4&transport=polling&t=78uv6p86 404 in 41ms
 GET /socket.io?EIO=4&transport=polling&t=78zcs2ic 404 in 17ms
 GET /socket.io?EIO=4&transport=polling&t=793zexdq 404 in 22ms
 GET /socket.io?EIO=4&transport=polling&t=798m3g8m 404 in 20ms
 GET /socket.io?EIO=4&transport=polling&t=79d8tcuw 404 in 48ms
 GET /socket.io?EIO=4&transport=polling&t=79hvex9c 404 in 19ms
 GET /socket.io?EIO=4&transport=polling&t=79mi4mh8 404 in 19ms
 GET /socket.io?EIO=4&transport=polling&t=79r4t0xi 404 in 51ms
 GET /socket.io?EIO=4&transport=polling&t=79vrfnd5 404 in 19ms
 GET /socket.io?EIO=4&transport=polling&t=7a0e274s 404 in 18ms
 GET /socket.io?EIO=4&transport=polling&t=7a516826 404 in 51ms
 GET /socket.io?EIO=4&transport=polling&t=7a9neexm 404 in 25ms
 GET /socket.io?EIO=4&transport=polling&t=7aea0swo 404 in 15ms
 GET /socket.io?EIO=4&transport=polling&t=7aiwpkwe 404 in 26ms
 GET /socket.io?EIO=4&transport=polling&t=7anjh9ql 404 in 20ms
 GET /socket.io?EIO=4&transport=polling&t=7as6063y 404 in 16ms
 GET /socket.io?EIO=4&transport=polling&t=7awso6y7 404 in 28ms
 GET /socket.io?EIO=4&transport=polling&t=7b1fcp02 404 in 25ms
 GET /socket.io?EIO=4&transport=polling&t=7b61zjf1 404 in 19ms
 GET /socket.io?EIO=4&transport=polling&t=7baoqbn4 404 in 50ms
 GET /socket.io?EIO=4&transport=polling&t=7bfbeazi 404 in 56ms
 GET /socket.io?EIO=4&transport=polling&t=7bjy4g1s 404 in 28ms
 GET /socket.io?EIO=4&transport=polling&t=7bokn4p5 404 in 8ms
 GET /socket.io?EIO=4&transport=polling&t=7bt7c4jt 404 in 20ms
 GET /socket.io?EIO=4&transport=polling&t=7bxucs85 404 in 49ms
 GET /socket.io?EIO=4&transport=polling&t=7c2h5ixu 404 in 53ms
 GET /socket.io?EIO=4&transport=polling&t=7c739ktz 404 in 13ms
 GET /socket.io?EIO=4&transport=polling&t=7cbqb7lb 404 in 43ms
 GET /socket.io?EIO=4&transport=polling&t=7cgcrza6 404 in 38ms
 GET /socket.io?EIO=4&transport=polling&t=7ckz9n8e 404 in 26ms
 GET /socket.io?EIO=4&transport=polling&t=7cpp1ssx 404 in 37ms
 GET /socket.io?EIO=4&transport=polling&t=7cu8j1em 404 in 16ms
 GET /socket.io?EIO=4&transport=polling&t=7cyv9s3f 404 in 51ms
 GET /socket.io?EIO=4&transport=polling&t=7d3hv27r 404 in 19ms
 GET /socket.io?EIO=4&transport=polling&t=7d84mrfc 404 in 13ms
 GET /socket.io?EIO=4&transport=polling&t=7dcr7h8e 404 in 19ms
 GET /socket.io?EIO=4&transport=polling&t=7dhdvmud 404 in 23ms
 GET /socket.io?EIO=4&transport=polling&t=7dm0kgvt 404 in 28ms
 GET /socket.io?EIO=4&transport=polling&t=7dqn6ugp 404 in 15ms
 GET /socket.io?EIO=4&transport=polling&t=7dv9w0e4 404 in 51ms
 GET /api/auth/session 200 in 1005ms
 GET /api/auth/session 200 in 390ms
 GET /socket.io?EIO=4&transport=polling&t=7dzwx6rf 404 in 106ms
 GET /api/auth/session 200 in 34ms
 GET /socket.io?EIO=4&transport=polling&t=7e0jlfeg 404 in 22ms
 GET /socket.io?EIO=4&transport=polling&t=7e27wn0o 404 in 32ms
 GET /chat/692ad06f6193c4dddaf6c2bb 200 in 440ms
 GET /socket.io?EIO=4&transport=polling&t=7e4jdbax 404 in 128ms
 GET /api/auth/session 200 in 26ms
 GET /api/auth/session 200 in 11ms
 GET /api/auth/session 200 in 11ms
 GET /socket.io?EIO=4&transport=polling&t=7e55lzwf 404 in 12ms
 GET /socket.io?EIO=4&transport=polling&t=7e6uhfnp 404 in 11ms
 GET /socket.io?EIO=4&transport=polling&t=7e95vkdu 404 in 14ms
 GET /socket.io?EIO=4&transport=polling&t=7ed0p8n2 404 in 30ms
 GET /socket.io?EIO=4&transport=polling&t=7ehnf5o9 404 in 43ms
 GET /socket.io?EIO=4&transport=polling&t=7ema1kix 404 in 20ms
 GET /socket.io?EIO=4&transport=polling&t=7eqwpxoo 404 in 32ms
 GET /socket.io?EIO=4&transport=polling&t=7evmcyj2 404 in 80ms
 GET /socket.io?EIO=4&transport=polling&t=7f06c9e4 404 in 41ms
 GET /socket.io?EIO=4&transport=polling&t=7f4st12f 404 in 33ms
 GET /socket.io?EIO=4&transport=polling&t=7f9fd1nf 404 in 70ms
 GET /socket.io?EIO=4&transport=polling&t=7fe25v4l 404 in 30ms
 GET /socket.io?EIO=4&transport=polling&t=7fioms6d 404 in 12ms
 GET /socket.io?EIO=4&transport=polling&t=7fnbc0ae 404 in 24ms
 GET /socket.io?EIO=4&transport=polling&t=7frxzo16 404 in 19ms
 GET /socket.io?EIO=4&transport=polling&t=7fwkmnm4 404 in 19ms
 GET /socket.io?EIO=4&transport=polling&t=7g17b5om 404 in 18ms
 GET /socket.io?EIO=4&transport=polling&t=7g5u97hl 404 in 24ms
 GET /socket.io?EIO=4&transport=polling&t=7gagpmp0 404 in 44ms
 GET /socket.io?EIO=4&transport=polling&t=7gf3birl 404 in 41ms
 GET /chat/dm/692acac49bd89e9e278cebee 200 in 145ms
 GET /api/auth/session 200 in 27ms
 GET /api/auth/session 200 in 22ms
 GET /api/auth/session 200 in 12ms
 GET /api/auth/session 200 in 6ms
 GET /socket.io?EIO=4&transport=polling&t=7gjpyxat 404 in 54ms
 GET /socket.io?EIO=4&transport=polling&t=7gocn3cj 404 in 33ms
 GET /socket.io?EIO=4&transport=polling&t=7gsz9znf 404 in 10ms
 GET /socket.io?EIO=4&transport=polling&t=7gxlx5gi 404 in 13ms
 GET /chat/dm/692acac49bd89e9e278cebee 200 in 80ms
 GET /api/auth/session 200 in 11ms
 GET /api/auth/session 200 in 4ms
 GET /api/auth/session 200 in 3ms
 GET /api/auth/session 200 in 9ms
 GET /socket.io?EIO=4&transport=polling&t=7h28ksyb 404 in 20ms
 GET /socket.io?EIO=4&transport=polling&t=7h6vaijv 404 in 25ms
 GET /socket.io?EIO=4&transport=polling&t=7hbhv917 404 in 18ms
 GET /socket.io?EIO=4&transport=polling&t=7hg6ld1o 404 in 25ms
 GET /socket.io?EIO=4&transport=polling&t=7hkrcjdd 404 in 15ms
 GET /socket.io?EIO=4&transport=polling&t=7hpegjge 404 in 55ms
 GET /socket.io?EIO=4&transport=polling&t=7hu0p6am 404 in 58ms
 GET /socket.io?EIO=4&transport=polling&t=7hyn8j90 404 in 32ms
 GET /socket.io?EIO=4&transport=polling&t=7i39urvw 404 in 12ms
 GET /chat/dm/692cf1a8e2f0b5c994eedf5e 200 in 22ms
 GET /socket.io?EIO=4&transport=polling&t=7i7wjdm0 404 in 25ms
 GET /socket.io?EIO=4&transport=polling&t=7icj7g04 404 in 30ms
 GET /socket.io?EIO=4&transport=polling&t=7ih5ursm 404 in 15ms
 GET /chat/dm/692ad25c6193c4dddaf6c2bd 200 in 14ms
 GET /socket.io?EIO=4&transport=polling&t=7ilsk25h 404 in 23ms
 GET /chat/dm/692cf1a8e2f0b5c994eedf5e 200 in 16ms
 GET /chat/dm/692ad25c6193c4dddaf6c2bd 200 in 19ms
 GET /socket.io?EIO=4&transport=polling&t=7iqi4jud 404 in 17ms
 GET /chat/dm/692cf1a8e2f0b5c994eedf5e 200 in 16ms
 GET /socket.io?EIO=4&transport=polling&t=7iv2bg8q 404 in 22ms
 GET /socket.io?EIO=4&transport=polling&t=7izojjvj 404 in 37ms
 GET /socket.io?EIO=4&transport=polling&t=7j4b7vw2 404 in 21ms
 GET /socket.io?EIO=4&transport=polling&t=7j8xutry 404 in 35ms
 GET /socket.io?EIO=4&transport=polling&t=7jdkjope 404 in 10ms
 GET /socket.io?EIO=4&transport=polling&t=7ji73khq 404 in 12ms
 GET /socket.io?EIO=4&transport=polling&t=7jmtuj8t 404 in 33ms
 GET /socket.io?EIO=4&transport=polling&t=7jrgiykk 404 in 33ms
 GET /socket.io?EIO=4&transport=polling&t=7jw3amkk 404 in 66ms
 GET /socket.io?EIO=4&transport=polling&t=7k0q6r30 404 in 63ms
 GET /socket.io?EIO=4&transport=polling&t=7k5cgx0t 404 in 55ms
 GET /socket.io?EIO=4&transport=polling&t=7k9z4ush 404 in 33ms
 GET /socket.io?EIO=4&transport=polling&t=7keltm73 404 in 85ms
 GET /socket.io?EIO=4&transport=polling&t=7kj8lslh 404 in 37ms
 ⚠ Fast Refresh had to perform a full reload. Read more: https://nextjs.org/docs/messages/fast-refresh-reload
 ✓ Compiled in 1349ms (1072 modules)
 ⚠ Fast Refresh had to perform a full reload. Read more: https://nextjs.org/docs/messages/fast-refresh-reload
 ⚠ Fast Refresh had to perform a full reload. Read more: https://nextjs.org/docs/messages/fast-refresh-reload
 ⚠ Fast Refresh had to perform a full reload. Read more: https://nextjs.org/docs/messages/fast-refresh-reload
 GET /socket.io?EIO=4&transport=polling&t=7knv92h7 404 in 2890ms
 GET /chat/dm/692cf1a8e2f0b5c994eedf5e 200 in 466ms
 GET /chat/dm/692ac4758503c4ae291e29f7 200 in 466ms
 GET /chat/692ad06f6193c4dddaf6c2bb 200 in 472ms
 GET /chat/dm/692ac4758503c4ae291e29f7 200 in 538ms
 GET /chat/dm/692ac4758503c4ae291e29f7 200 in 735ms
 GET /chat/dm/692cf1a8e2f0b5c994eedf5e 200 in 786ms
 GET /chat/692ad06f6193c4dddaf6c2bb 200 in 938ms
 GET /chat/dm/692ac4758503c4ae291e29f7 200 in 1123ms
 ✓ Compiled /api/auth/[...nextauth] in 420ms (757 modules)
 GET /api/auth/session 200 in 771ms
 GET /api/auth/session 200 in 345ms
 GET /api/auth/session 200 in 357ms
 GET /api/auth/session 200 in 578ms
 GET /api/auth/session 200 in 30ms
 GET /api/auth/session 200 in 37ms
 GET /api/auth/session 200 in 38ms
 GET /api/auth/session 200 in 54ms
 GET /api/auth/session 200 in 28ms
 GET /api/auth/session 200 in 25ms
 GET /api/auth/session 200 in 19ms
 GET /socket.io?EIO=4&transport=polling&t=7ksvtkgc 404 in 98ms
 GET /socket.io?EIO=4&transport=polling&t=7ku1ap3p 404 in 31ms
 GET /socket.io?EIO=4&transport=polling&t=7kvl7joy 404 in 23ms
 GET /socket.io?EIO=4&transport=polling&t=7l07mj27 404 in 17ms
 GET /socket.io?EIO=4&transport=polling&t=7l4u8kh0 404 in 28ms
 GET /socket.io?EIO=4&transport=polling&t=7l9k6cqv 404 in 102ms
 GET /socket.io?EIO=4&transport=polling&t=7le3oxfv 404 in 40ms
 GET /socket.io?EIO=4&transport=polling&t=7liq68q2 404 in 25ms
 GET /socket.io?EIO=4&transport=polling&t=7lnd0ecd 404 in 10ms
 GET /socket.io?EIO=4&transport=polling&t=7lrzgnoo 404 in 38ms
 GET /socket.io?EIO=4&transport=polling&t=7lwm3mvx 404 in 10ms
 GET /socket.io?EIO=4&transport=polling&t=7m18y105 404 in 20ms
 GET /socket.io?EIO=4&transport=polling&t=7m5vibqi 404 in 29ms
 GET /socket.io?EIO=4&transport=polling&t=7mai2acz 404 in 25ms
 GET /socket.io?EIO=4&transport=polling&t=7mf4ruv9 404 in 35ms
 GET /socket.io?EIO=4&transport=polling&t=7mjtx1ng 404 in 21ms
 GET /socket.io?EIO=4&transport=polling&t=7moef00c 404 in 42ms
 GET /socket.io?EIO=4&transport=polling&t=7mt0rp5t 404 in 38ms
 GET /socket.io?EIO=4&transport=polling&t=7mxnkghi 404 in 42ms
 GET /socket.io?EIO=4&transport=polling&t=7n2a59zj 404 in 35ms
 GET /socket.io?EIO=4&transport=polling&t=7n6wp9ln 404 in 21ms
 GET /chat/dm/692acac49bd89e9e278cebee 200 in 162ms
 GET /chat/dm/692acac49bd89e9e278cebee 200 in 27ms
 GET /socket.io?EIO=4&transport=polling&t=7nbjubqt 404 in 523ms
 GET /socket.io?EIO=4&transport=polling&t=7ng64cnx 404 in 69ms
 GET /socket.io?EIO=4&transport=polling&t=7nkssv1m 404 in 12ms
 GET /socket.io?EIO=4&transport=polling&t=7npfd33z 404 in 21ms
 GET /socket.io?EIO=4&transport=polling&t=7nu6gth5 404 in 36ms
 GET /socket.io?EIO=4&transport=polling&t=7nyp3ovf 404 in 49ms
 GET /socket.io?EIO=4&transport=polling&t=7o3bd7bi 404 in 190ms
 ○ Compiling /profile ...
 ✓ Compiled /profile in 807ms (1065 modules)
 GET /profile 200 in 946ms
 GET /socket.io?EIO=4&transport=polling&t=7o7yef95 404 in 598ms
 GET /socket.io?EIO=4&transport=polling&t=7ockt5pi 404 in 31ms
 GET /socket.io?EIO=4&transport=polling&t=7oh7dran 404 in 14ms
 GET /socket.io?EIO=4&transport=polling&t=7olu4ve7 404 in 19ms
 GET /socket.io?EIO=4&transport=polling&t=7oqhcbaj 404 in 59ms
 GET /socket.io?EIO=4&transport=polling&t=7ov3lykg 404 in 21ms
 GET /socket.io?EIO=4&transport=polling&t=7ozpzoqs 404 in 16ms
 GET /socket.io?EIO=4&transport=polling&t=7p4fucny 404 in 55ms
 GET /socket.io?EIO=4&transport=polling&t=7p8zcqk5 404 in 31ms
 GET /socket.io?EIO=4&transport=polling&t=7pdm3r5t 404 in 33ms
[?25h
